The system is: Darwin - 15.6.0 - x86_64
Compiling the C compiler identification source file "CMakeCCompilerId.c" succeeded.
Compiler: /Applications/Xcode.app/Contents/Developer/Toolchains/XcodeDefault.xctoolchain/usr/bin/cc 
Build flags: 
Id flags:  

The output was:
0


Compilation of the C compiler identification source "CMakeCCompilerId.c" produced "a.out"

The C compiler identification is AppleClang, found in "/Users/trishalian/GitRepos/pbrt-v3-spectral/bin/CMakeFiles/3.9.4/CompilerIdC/a.out"

Compiling the CXX compiler identification source file "CMakeCXXCompilerId.cpp" succeeded.
Compiler: /Applications/Xcode.app/Contents/Developer/Toolchains/XcodeDefault.xctoolchain/usr/bin/c++ 
Build flags: 
Id flags:  

The output was:
0


Compilation of the CXX compiler identification source "CMakeCXXCompilerId.cpp" produced "a.out"

The CXX compiler identification is AppleClang, found in "/Users/trishalian/GitRepos/pbrt-v3-spectral/bin/CMakeFiles/3.9.4/CompilerIdCXX/a.out"

Determining if the C compiler works passed with the following output:
Change Dir: /Users/trishalian/GitRepos/pbrt-v3-spectral/bin/CMakeFiles/CMakeTmp

Run Build Command:"/usr/bin/make" "cmTC_bab64/fast"
/Applications/Xcode.app/Contents/Developer/usr/bin/make -f CMakeFiles/cmTC_bab64.dir/build.make CMakeFiles/cmTC_bab64.dir/build
Building C object CMakeFiles/cmTC_bab64.dir/testCCompiler.c.o
/Applications/Xcode.app/Contents/Developer/Toolchains/XcodeDefault.xctoolchain/usr/bin/cc    -o CMakeFiles/cmTC_bab64.dir/testCCompiler.c.o   -c /Users/trishalian/GitRepos/pbrt-v3-spectral/bin/CMakeFiles/CMakeTmp/testCCompiler.c
Linking C executable cmTC_bab64
/usr/local/Cellar/cmake/3.9.4_1/bin/cmake -E cmake_link_script CMakeFiles/cmTC_bab64.dir/link.txt --verbose=1
/Applications/Xcode.app/Contents/Developer/Toolchains/XcodeDefault.xctoolchain/usr/bin/cc   -Wl,-search_paths_first -Wl,-headerpad_max_install_names   CMakeFiles/cmTC_bab64.dir/testCCompiler.c.o  -o cmTC_bab64 


Detecting C compiler ABI info compiled with the following output:
Change Dir: /Users/trishalian/GitRepos/pbrt-v3-spectral/bin/CMakeFiles/CMakeTmp

Run Build Command:"/usr/bin/make" "cmTC_7a834/fast"
/Applications/Xcode.app/Contents/Developer/usr/bin/make -f CMakeFiles/cmTC_7a834.dir/build.make CMakeFiles/cmTC_7a834.dir/build
Building C object CMakeFiles/cmTC_7a834.dir/CMakeCCompilerABI.c.o
/Applications/Xcode.app/Contents/Developer/Toolchains/XcodeDefault.xctoolchain/usr/bin/cc    -o CMakeFiles/cmTC_7a834.dir/CMakeCCompilerABI.c.o   -c /usr/local/Cellar/cmake/3.9.4_1/share/cmake/Modules/CMakeCCompilerABI.c
Linking C executable cmTC_7a834
/usr/local/Cellar/cmake/3.9.4_1/bin/cmake -E cmake_link_script CMakeFiles/cmTC_7a834.dir/link.txt --verbose=1
/Applications/Xcode.app/Contents/Developer/Toolchains/XcodeDefault.xctoolchain/usr/bin/cc   -Wl,-search_paths_first -Wl,-headerpad_max_install_names  -v -Wl,-v CMakeFiles/cmTC_7a834.dir/CMakeCCompilerABI.c.o  -o cmTC_7a834 
Apple LLVM version 7.3.0 (clang-703.0.31)
Target: x86_64-apple-darwin15.6.0
Thread model: posix
InstalledDir: /Applications/Xcode.app/Contents/Developer/Toolchains/XcodeDefault.xctoolchain/usr/bin
 "/Applications/Xcode.app/Contents/Developer/Toolchains/XcodeDefault.xctoolchain/usr/bin/ld" -demangle -dynamic -arch x86_64 -macosx_version_min 10.11.0 -o cmTC_7a834 -search_paths_first -headerpad_max_install_names -v CMakeFiles/cmTC_7a834.dir/CMakeCCompilerABI.c.o -lSystem /Applications/Xcode.app/Contents/Developer/Toolchains/XcodeDefault.xctoolchain/usr/bin/../lib/clang/7.3.0/lib/darwin/libclang_rt.osx.a
@(#)PROGRAM:ld  PROJECT:ld64-264.3.102
configured to support archs: armv6 armv7 armv7s arm64 i386 x86_64 x86_64h armv6m armv7k armv7m armv7em (tvOS)
Library search paths:
	/usr/lib
	/usr/local/lib
Framework search paths:
	/Library/Frameworks/
	/System/Library/Frameworks/


Parsed C implicit link information from above output:
  link line regex: [^( *|.*[/\])(ld|CMAKE_LINK_STARTFILE-NOTFOUND|([^/\]+-)?ld|collect2)[^/\]*( |$)]
  ignore line: [Change Dir: /Users/trishalian/GitRepos/pbrt-v3-spectral/bin/CMakeFiles/CMakeTmp]
  ignore line: []
  ignore line: [Run Build Command:"/usr/bin/make" "cmTC_7a834/fast"]
  ignore line: [/Applications/Xcode.app/Contents/Developer/usr/bin/make -f CMakeFiles/cmTC_7a834.dir/build.make CMakeFiles/cmTC_7a834.dir/build]
  ignore line: [Building C object CMakeFiles/cmTC_7a834.dir/CMakeCCompilerABI.c.o]
  ignore line: [/Applications/Xcode.app/Contents/Developer/Toolchains/XcodeDefault.xctoolchain/usr/bin/cc    -o CMakeFiles/cmTC_7a834.dir/CMakeCCompilerABI.c.o   -c /usr/local/Cellar/cmake/3.9.4_1/share/cmake/Modules/CMakeCCompilerABI.c]
  ignore line: [Linking C executable cmTC_7a834]
  ignore line: [/usr/local/Cellar/cmake/3.9.4_1/bin/cmake -E cmake_link_script CMakeFiles/cmTC_7a834.dir/link.txt --verbose=1]
  ignore line: [/Applications/Xcode.app/Contents/Developer/Toolchains/XcodeDefault.xctoolchain/usr/bin/cc   -Wl,-search_paths_first -Wl,-headerpad_max_install_names  -v -Wl,-v CMakeFiles/cmTC_7a834.dir/CMakeCCompilerABI.c.o  -o cmTC_7a834 ]
  ignore line: [Apple LLVM version 7.3.0 (clang-703.0.31)]
  ignore line: [Target: x86_64-apple-darwin15.6.0]
  ignore line: [Thread model: posix]
  ignore line: [InstalledDir: /Applications/Xcode.app/Contents/Developer/Toolchains/XcodeDefault.xctoolchain/usr/bin]
  link line: [ "/Applications/Xcode.app/Contents/Developer/Toolchains/XcodeDefault.xctoolchain/usr/bin/ld" -demangle -dynamic -arch x86_64 -macosx_version_min 10.11.0 -o cmTC_7a834 -search_paths_first -headerpad_max_install_names -v CMakeFiles/cmTC_7a834.dir/CMakeCCompilerABI.c.o -lSystem /Applications/Xcode.app/Contents/Developer/Toolchains/XcodeDefault.xctoolchain/usr/bin/../lib/clang/7.3.0/lib/darwin/libclang_rt.osx.a]
    arg [/Applications/Xcode.app/Contents/Developer/Toolchains/XcodeDefault.xctoolchain/usr/bin/ld] ==> ignore
    arg [-demangle] ==> ignore
    arg [-dynamic] ==> ignore
    arg [-arch] ==> ignore
    arg [x86_64] ==> ignore
    arg [-macosx_version_min] ==> ignore
    arg [10.11.0] ==> ignore
    arg [-o] ==> ignore
    arg [cmTC_7a834] ==> ignore
    arg [-search_paths_first] ==> ignore
    arg [-headerpad_max_install_names] ==> ignore
    arg [-v] ==> ignore
    arg [CMakeFiles/cmTC_7a834.dir/CMakeCCompilerABI.c.o] ==> ignore
    arg [-lSystem] ==> lib [System]
    arg [/Applications/Xcode.app/Contents/Developer/Toolchains/XcodeDefault.xctoolchain/usr/bin/../lib/clang/7.3.0/lib/darwin/libclang_rt.osx.a] ==> lib [/Applications/Xcode.app/Contents/Developer/Toolchains/XcodeDefault.xctoolchain/usr/bin/../lib/clang/7.3.0/lib/darwin/libclang_rt.osx.a]
  Library search paths: [;/usr/lib;/usr/local/lib]
  Framework search paths: [;/Library/Frameworks/;/System/Library/Frameworks/]
  remove lib [System]
  remove lib [/Applications/Xcode.app/Contents/Developer/Toolchains/XcodeDefault.xctoolchain/usr/bin/../lib/clang/7.3.0/lib/darwin/libclang_rt.osx.a]
  collapse library dir [/usr/lib] ==> [/usr/lib]
  collapse library dir [/usr/local/lib] ==> [/usr/local/lib]
  collapse framework dir [/Library/Frameworks/] ==> [/Library/Frameworks]
  collapse framework dir [/System/Library/Frameworks/] ==> [/System/Library/Frameworks]
  implicit libs: []
  implicit dirs: [/usr/lib;/usr/local/lib]
  implicit fwks: [/Library/Frameworks;/System/Library/Frameworks]




Detecting C [-std=c11] compiler features compiled with the following output:
Change Dir: /Users/trishalian/GitRepos/pbrt-v3-spectral/bin/CMakeFiles/CMakeTmp

Run Build Command:"/usr/bin/make" "cmTC_11c17/fast"
/Applications/Xcode.app/Contents/Developer/usr/bin/make -f CMakeFiles/cmTC_11c17.dir/build.make CMakeFiles/cmTC_11c17.dir/build
Building C object CMakeFiles/cmTC_11c17.dir/feature_tests.c.o
/Applications/Xcode.app/Contents/Developer/Toolchains/XcodeDefault.xctoolchain/usr/bin/cc   -std=c11 -o CMakeFiles/cmTC_11c17.dir/feature_tests.c.o   -c /Users/trishalian/GitRepos/pbrt-v3-spectral/bin/CMakeFiles/feature_tests.c
Linking C executable cmTC_11c17
/usr/local/Cellar/cmake/3.9.4_1/bin/cmake -E cmake_link_script CMakeFiles/cmTC_11c17.dir/link.txt --verbose=1
/Applications/Xcode.app/Contents/Developer/Toolchains/XcodeDefault.xctoolchain/usr/bin/cc   -Wl,-search_paths_first -Wl,-headerpad_max_install_names   CMakeFiles/cmTC_11c17.dir/feature_tests.c.o  -o cmTC_11c17 


    Feature record: C_FEATURE:1c_function_prototypes
    Feature record: C_FEATURE:1c_restrict
    Feature record: C_FEATURE:1c_static_assert
    Feature record: C_FEATURE:1c_variadic_macros


Detecting C [-std=c99] compiler features compiled with the following output:
Change Dir: /Users/trishalian/GitRepos/pbrt-v3-spectral/bin/CMakeFiles/CMakeTmp

Run Build Command:"/usr/bin/make" "cmTC_b4447/fast"
/Applications/Xcode.app/Contents/Developer/usr/bin/make -f CMakeFiles/cmTC_b4447.dir/build.make CMakeFiles/cmTC_b4447.dir/build
Building C object CMakeFiles/cmTC_b4447.dir/feature_tests.c.o
/Applications/Xcode.app/Contents/Developer/Toolchains/XcodeDefault.xctoolchain/usr/bin/cc   -std=c99 -o CMakeFiles/cmTC_b4447.dir/feature_tests.c.o   -c /Users/trishalian/GitRepos/pbrt-v3-spectral/bin/CMakeFiles/feature_tests.c
Linking C executable cmTC_b4447
/usr/local/Cellar/cmake/3.9.4_1/bin/cmake -E cmake_link_script CMakeFiles/cmTC_b4447.dir/link.txt --verbose=1
/Applications/Xcode.app/Contents/Developer/Toolchains/XcodeDefault.xctoolchain/usr/bin/cc   -Wl,-search_paths_first -Wl,-headerpad_max_install_names   CMakeFiles/cmTC_b4447.dir/feature_tests.c.o  -o cmTC_b4447 


    Feature record: C_FEATURE:1c_function_prototypes
    Feature record: C_FEATURE:1c_restrict
    Feature record: C_FEATURE:0c_static_assert
    Feature record: C_FEATURE:1c_variadic_macros


Detecting C [-std=c90] compiler features compiled with the following output:
Change Dir: /Users/trishalian/GitRepos/pbrt-v3-spectral/bin/CMakeFiles/CMakeTmp

Run Build Command:"/usr/bin/make" "cmTC_81ed8/fast"
/Applications/Xcode.app/Contents/Developer/usr/bin/make -f CMakeFiles/cmTC_81ed8.dir/build.make CMakeFiles/cmTC_81ed8.dir/build
Building C object CMakeFiles/cmTC_81ed8.dir/feature_tests.c.o
/Applications/Xcode.app/Contents/Developer/Toolchains/XcodeDefault.xctoolchain/usr/bin/cc   -std=c90 -o CMakeFiles/cmTC_81ed8.dir/feature_tests.c.o   -c /Users/trishalian/GitRepos/pbrt-v3-spectral/bin/CMakeFiles/feature_tests.c
Linking C executable cmTC_81ed8
/usr/local/Cellar/cmake/3.9.4_1/bin/cmake -E cmake_link_script CMakeFiles/cmTC_81ed8.dir/link.txt --verbose=1
/Applications/Xcode.app/Contents/Developer/Toolchains/XcodeDefault.xctoolchain/usr/bin/cc   -Wl,-search_paths_first -Wl,-headerpad_max_install_names   CMakeFiles/cmTC_81ed8.dir/feature_tests.c.o  -o cmTC_81ed8 


    Feature record: C_FEATURE:1c_function_prototypes
    Feature record: C_FEATURE:0c_restrict
    Feature record: C_FEATURE:0c_static_assert
    Feature record: C_FEATURE:0c_variadic_macros
Determining if the CXX compiler works passed with the following output:
Change Dir: /Users/trishalian/GitRepos/pbrt-v3-spectral/bin/CMakeFiles/CMakeTmp

Run Build Command:"/usr/bin/make" "cmTC_f2211/fast"
/Applications/Xcode.app/Contents/Developer/usr/bin/make -f CMakeFiles/cmTC_f2211.dir/build.make CMakeFiles/cmTC_f2211.dir/build
Building CXX object CMakeFiles/cmTC_f2211.dir/testCXXCompiler.cxx.o
/Applications/Xcode.app/Contents/Developer/Toolchains/XcodeDefault.xctoolchain/usr/bin/c++     -o CMakeFiles/cmTC_f2211.dir/testCXXCompiler.cxx.o -c /Users/trishalian/GitRepos/pbrt-v3-spectral/bin/CMakeFiles/CMakeTmp/testCXXCompiler.cxx
Linking CXX executable cmTC_f2211
/usr/local/Cellar/cmake/3.9.4_1/bin/cmake -E cmake_link_script CMakeFiles/cmTC_f2211.dir/link.txt --verbose=1
/Applications/Xcode.app/Contents/Developer/Toolchains/XcodeDefault.xctoolchain/usr/bin/c++    -Wl,-search_paths_first -Wl,-headerpad_max_install_names   CMakeFiles/cmTC_f2211.dir/testCXXCompiler.cxx.o  -o cmTC_f2211 


Detecting CXX compiler ABI info compiled with the following output:
Change Dir: /Users/trishalian/GitRepos/pbrt-v3-spectral/bin/CMakeFiles/CMakeTmp

Run Build Command:"/usr/bin/make" "cmTC_575fd/fast"
/Applications/Xcode.app/Contents/Developer/usr/bin/make -f CMakeFiles/cmTC_575fd.dir/build.make CMakeFiles/cmTC_575fd.dir/build
Building CXX object CMakeFiles/cmTC_575fd.dir/CMakeCXXCompilerABI.cpp.o
/Applications/Xcode.app/Contents/Developer/Toolchains/XcodeDefault.xctoolchain/usr/bin/c++     -o CMakeFiles/cmTC_575fd.dir/CMakeCXXCompilerABI.cpp.o -c /usr/local/Cellar/cmake/3.9.4_1/share/cmake/Modules/CMakeCXXCompilerABI.cpp
Linking CXX executable cmTC_575fd
/usr/local/Cellar/cmake/3.9.4_1/bin/cmake -E cmake_link_script CMakeFiles/cmTC_575fd.dir/link.txt --verbose=1
/Applications/Xcode.app/Contents/Developer/Toolchains/XcodeDefault.xctoolchain/usr/bin/c++    -Wl,-search_paths_first -Wl,-headerpad_max_install_names  -v -Wl,-v CMakeFiles/cmTC_575fd.dir/CMakeCXXCompilerABI.cpp.o  -o cmTC_575fd 
Apple LLVM version 7.3.0 (clang-703.0.31)
Target: x86_64-apple-darwin15.6.0
Thread model: posix
InstalledDir: /Applications/Xcode.app/Contents/Developer/Toolchains/XcodeDefault.xctoolchain/usr/bin
 "/Applications/Xcode.app/Contents/Developer/Toolchains/XcodeDefault.xctoolchain/usr/bin/ld" -demangle -dynamic -arch x86_64 -macosx_version_min 10.11.0 -o cmTC_575fd -search_paths_first -headerpad_max_install_names -v CMakeFiles/cmTC_575fd.dir/CMakeCXXCompilerABI.cpp.o -lc++ -lSystem /Applications/Xcode.app/Contents/Developer/Toolchains/XcodeDefault.xctoolchain/usr/bin/../lib/clang/7.3.0/lib/darwin/libclang_rt.osx.a
@(#)PROGRAM:ld  PROJECT:ld64-264.3.102
configured to support archs: armv6 armv7 armv7s arm64 i386 x86_64 x86_64h armv6m armv7k armv7m armv7em (tvOS)
Library search paths:
	/usr/lib
	/usr/local/lib
Framework search paths:
	/Library/Frameworks/
	/System/Library/Frameworks/


Parsed CXX implicit link information from above output:
  link line regex: [^( *|.*[/\])(ld|CMAKE_LINK_STARTFILE-NOTFOUND|([^/\]+-)?ld|collect2)[^/\]*( |$)]
  ignore line: [Change Dir: /Users/trishalian/GitRepos/pbrt-v3-spectral/bin/CMakeFiles/CMakeTmp]
  ignore line: []
  ignore line: [Run Build Command:"/usr/bin/make" "cmTC_575fd/fast"]
  ignore line: [/Applications/Xcode.app/Contents/Developer/usr/bin/make -f CMakeFiles/cmTC_575fd.dir/build.make CMakeFiles/cmTC_575fd.dir/build]
  ignore line: [Building CXX object CMakeFiles/cmTC_575fd.dir/CMakeCXXCompilerABI.cpp.o]
  ignore line: [/Applications/Xcode.app/Contents/Developer/Toolchains/XcodeDefault.xctoolchain/usr/bin/c++     -o CMakeFiles/cmTC_575fd.dir/CMakeCXXCompilerABI.cpp.o -c /usr/local/Cellar/cmake/3.9.4_1/share/cmake/Modules/CMakeCXXCompilerABI.cpp]
  ignore line: [Linking CXX executable cmTC_575fd]
  ignore line: [/usr/local/Cellar/cmake/3.9.4_1/bin/cmake -E cmake_link_script CMakeFiles/cmTC_575fd.dir/link.txt --verbose=1]
  ignore line: [/Applications/Xcode.app/Contents/Developer/Toolchains/XcodeDefault.xctoolchain/usr/bin/c++    -Wl,-search_paths_first -Wl,-headerpad_max_install_names  -v -Wl,-v CMakeFiles/cmTC_575fd.dir/CMakeCXXCompilerABI.cpp.o  -o cmTC_575fd ]
  ignore line: [Apple LLVM version 7.3.0 (clang-703.0.31)]
  ignore line: [Target: x86_64-apple-darwin15.6.0]
  ignore line: [Thread model: posix]
  ignore line: [InstalledDir: /Applications/Xcode.app/Contents/Developer/Toolchains/XcodeDefault.xctoolchain/usr/bin]
  link line: [ "/Applications/Xcode.app/Contents/Developer/Toolchains/XcodeDefault.xctoolchain/usr/bin/ld" -demangle -dynamic -arch x86_64 -macosx_version_min 10.11.0 -o cmTC_575fd -search_paths_first -headerpad_max_install_names -v CMakeFiles/cmTC_575fd.dir/CMakeCXXCompilerABI.cpp.o -lc++ -lSystem /Applications/Xcode.app/Contents/Developer/Toolchains/XcodeDefault.xctoolchain/usr/bin/../lib/clang/7.3.0/lib/darwin/libclang_rt.osx.a]
    arg [/Applications/Xcode.app/Contents/Developer/Toolchains/XcodeDefault.xctoolchain/usr/bin/ld] ==> ignore
    arg [-demangle] ==> ignore
    arg [-dynamic] ==> ignore
    arg [-arch] ==> ignore
    arg [x86_64] ==> ignore
    arg [-macosx_version_min] ==> ignore
    arg [10.11.0] ==> ignore
    arg [-o] ==> ignore
    arg [cmTC_575fd] ==> ignore
    arg [-search_paths_first] ==> ignore
    arg [-headerpad_max_install_names] ==> ignore
    arg [-v] ==> ignore
    arg [CMakeFiles/cmTC_575fd.dir/CMakeCXXCompilerABI.cpp.o] ==> ignore
    arg [-lc++] ==> lib [c++]
    arg [-lSystem] ==> lib [System]
    arg [/Applications/Xcode.app/Contents/Developer/Toolchains/XcodeDefault.xctoolchain/usr/bin/../lib/clang/7.3.0/lib/darwin/libclang_rt.osx.a] ==> lib [/Applications/Xcode.app/Contents/Developer/Toolchains/XcodeDefault.xctoolchain/usr/bin/../lib/clang/7.3.0/lib/darwin/libclang_rt.osx.a]
  Library search paths: [;/usr/lib;/usr/local/lib]
  Framework search paths: [;/Library/Frameworks/;/System/Library/Frameworks/]
  remove lib [System]
  remove lib [/Applications/Xcode.app/Contents/Developer/Toolchains/XcodeDefault.xctoolchain/usr/bin/../lib/clang/7.3.0/lib/darwin/libclang_rt.osx.a]
  collapse library dir [/usr/lib] ==> [/usr/lib]
  collapse library dir [/usr/local/lib] ==> [/usr/local/lib]
  collapse framework dir [/Library/Frameworks/] ==> [/Library/Frameworks]
  collapse framework dir [/System/Library/Frameworks/] ==> [/System/Library/Frameworks]
  implicit libs: [c++]
  implicit dirs: [/usr/lib;/usr/local/lib]
  implicit fwks: [/Library/Frameworks;/System/Library/Frameworks]




Detecting CXX [-std=c++1z] compiler features compiled with the following output:
Change Dir: /Users/trishalian/GitRepos/pbrt-v3-spectral/bin/CMakeFiles/CMakeTmp

Run Build Command:"/usr/bin/make" "cmTC_4cccf/fast"
/Applications/Xcode.app/Contents/Developer/usr/bin/make -f CMakeFiles/cmTC_4cccf.dir/build.make CMakeFiles/cmTC_4cccf.dir/build
Building CXX object CMakeFiles/cmTC_4cccf.dir/feature_tests.cxx.o
/Applications/Xcode.app/Contents/Developer/Toolchains/XcodeDefault.xctoolchain/usr/bin/c++    -std=c++1z -o CMakeFiles/cmTC_4cccf.dir/feature_tests.cxx.o -c /Users/trishalian/GitRepos/pbrt-v3-spectral/bin/CMakeFiles/feature_tests.cxx
Linking CXX executable cmTC_4cccf
/usr/local/Cellar/cmake/3.9.4_1/bin/cmake -E cmake_link_script CMakeFiles/cmTC_4cccf.dir/link.txt --verbose=1
/Applications/Xcode.app/Contents/Developer/Toolchains/XcodeDefault.xctoolchain/usr/bin/c++    -Wl,-search_paths_first -Wl,-headerpad_max_install_names   CMakeFiles/cmTC_4cccf.dir/feature_tests.cxx.o  -o cmTC_4cccf 


    Feature record: CXX_FEATURE:1cxx_aggregate_default_initializers
    Feature record: CXX_FEATURE:1cxx_alias_templates
    Feature record: CXX_FEATURE:1cxx_alignas
    Feature record: CXX_FEATURE:1cxx_alignof
    Feature record: CXX_FEATURE:1cxx_attributes
    Feature record: CXX_FEATURE:1cxx_attribute_deprecated
    Feature record: CXX_FEATURE:1cxx_auto_type
    Feature record: CXX_FEATURE:1cxx_binary_literals
    Feature record: CXX_FEATURE:1cxx_constexpr
    Feature record: CXX_FEATURE:1cxx_contextual_conversions
    Feature record: CXX_FEATURE:1cxx_decltype
    Feature record: CXX_FEATURE:1cxx_decltype_auto
    Feature record: CXX_FEATURE:1cxx_decltype_incomplete_return_types
    Feature record: CXX_FEATURE:1cxx_default_function_template_args
    Feature record: CXX_FEATURE:1cxx_defaulted_functions
    Feature record: CXX_FEATURE:1cxx_defaulted_move_initializers
    Feature record: CXX_FEATURE:1cxx_delegating_constructors
    Feature record: CXX_FEATURE:1cxx_deleted_functions
    Feature record: CXX_FEATURE:1cxx_digit_separators
    Feature record: CXX_FEATURE:1cxx_enum_forward_declarations
    Feature record: CXX_FEATURE:1cxx_explicit_conversions
    Feature record: CXX_FEATURE:1cxx_extended_friend_declarations
    Feature record: CXX_FEATURE:1cxx_extern_templates
    Feature record: CXX_FEATURE:1cxx_final
    Feature record: CXX_FEATURE:1cxx_func_identifier
    Feature record: CXX_FEATURE:1cxx_generalized_initializers
    Feature record: CXX_FEATURE:1cxx_generic_lambdas
    Feature record: CXX_FEATURE:1cxx_inheriting_constructors
    Feature record: CXX_FEATURE:1cxx_inline_namespaces
    Feature record: CXX_FEATURE:1cxx_lambdas
    Feature record: CXX_FEATURE:1cxx_lambda_init_captures
    Feature record: CXX_FEATURE:1cxx_local_type_template_args
    Feature record: CXX_FEATURE:1cxx_long_long_type
    Feature record: CXX_FEATURE:1cxx_noexcept
    Feature record: CXX_FEATURE:1cxx_nonstatic_member_init
    Feature record: CXX_FEATURE:1cxx_nullptr
    Feature record: CXX_FEATURE:1cxx_override
    Feature record: CXX_FEATURE:1cxx_range_for
    Feature record: CXX_FEATURE:1cxx_raw_string_literals
    Feature record: CXX_FEATURE:1cxx_reference_qualified_functions
    Feature record: CXX_FEATURE:1cxx_relaxed_constexpr
    Feature record: CXX_FEATURE:1cxx_return_type_deduction
    Feature record: CXX_FEATURE:1cxx_right_angle_brackets
    Feature record: CXX_FEATURE:1cxx_rvalue_references
    Feature record: CXX_FEATURE:1cxx_sizeof_member
    Feature record: CXX_FEATURE:1cxx_static_assert
    Feature record: CXX_FEATURE:1cxx_strong_enums
    Feature record: CXX_FEATURE:1cxx_template_template_parameters
    Feature record: CXX_FEATURE:0cxx_thread_local
    Feature record: CXX_FEATURE:1cxx_trailing_return_types
    Feature record: CXX_FEATURE:1cxx_unicode_literals
    Feature record: CXX_FEATURE:1cxx_uniform_initialization
    Feature record: CXX_FEATURE:1cxx_unrestricted_unions
    Feature record: CXX_FEATURE:1cxx_user_literals
    Feature record: CXX_FEATURE:1cxx_variable_templates
    Feature record: CXX_FEATURE:1cxx_variadic_macros
    Feature record: CXX_FEATURE:1cxx_variadic_templates


Detecting CXX [-std=c++14] compiler features compiled with the following output:
Change Dir: /Users/trishalian/GitRepos/pbrt-v3-spectral/bin/CMakeFiles/CMakeTmp

Run Build Command:"/usr/bin/make" "cmTC_f532a/fast"
/Applications/Xcode.app/Contents/Developer/usr/bin/make -f CMakeFiles/cmTC_f532a.dir/build.make CMakeFiles/cmTC_f532a.dir/build
Building CXX object CMakeFiles/cmTC_f532a.dir/feature_tests.cxx.o
/Applications/Xcode.app/Contents/Developer/Toolchains/XcodeDefault.xctoolchain/usr/bin/c++    -std=c++14 -o CMakeFiles/cmTC_f532a.dir/feature_tests.cxx.o -c /Users/trishalian/GitRepos/pbrt-v3-spectral/bin/CMakeFiles/feature_tests.cxx
Linking CXX executable cmTC_f532a
/usr/local/Cellar/cmake/3.9.4_1/bin/cmake -E cmake_link_script CMakeFiles/cmTC_f532a.dir/link.txt --verbose=1
/Applications/Xcode.app/Contents/Developer/Toolchains/XcodeDefault.xctoolchain/usr/bin/c++    -Wl,-search_paths_first -Wl,-headerpad_max_install_names   CMakeFiles/cmTC_f532a.dir/feature_tests.cxx.o  -o cmTC_f532a 


    Feature record: CXX_FEATURE:1cxx_aggregate_default_initializers
    Feature record: CXX_FEATURE:1cxx_alias_templates
    Feature record: CXX_FEATURE:1cxx_alignas
    Feature record: CXX_FEATURE:1cxx_alignof
    Feature record: CXX_FEATURE:1cxx_attributes
    Feature record: CXX_FEATURE:1cxx_attribute_deprecated
    Feature record: CXX_FEATURE:1cxx_auto_type
    Feature record: CXX_FEATURE:1cxx_binary_literals
    Feature record: CXX_FEATURE:1cxx_constexpr
    Feature record: CXX_FEATURE:1cxx_contextual_conversions
    Feature record: CXX_FEATURE:1cxx_decltype
    Feature record: CXX_FEATURE:1cxx_decltype_auto
    Feature record: CXX_FEATURE:1cxx_decltype_incomplete_return_types
    Feature record: CXX_FEATURE:1cxx_default_function_template_args
    Feature record: CXX_FEATURE:1cxx_defaulted_functions
    Feature record: CXX_FEATURE:1cxx_defaulted_move_initializers
    Feature record: CXX_FEATURE:1cxx_delegating_constructors
    Feature record: CXX_FEATURE:1cxx_deleted_functions
    Feature record: CXX_FEATURE:1cxx_digit_separators
    Feature record: CXX_FEATURE:1cxx_enum_forward_declarations
    Feature record: CXX_FEATURE:1cxx_explicit_conversions
    Feature record: CXX_FEATURE:1cxx_extended_friend_declarations
    Feature record: CXX_FEATURE:1cxx_extern_templates
    Feature record: CXX_FEATURE:1cxx_final
    Feature record: CXX_FEATURE:1cxx_func_identifier
    Feature record: CXX_FEATURE:1cxx_generalized_initializers
    Feature record: CXX_FEATURE:1cxx_generic_lambdas
    Feature record: CXX_FEATURE:1cxx_inheriting_constructors
    Feature record: CXX_FEATURE:1cxx_inline_namespaces
    Feature record: CXX_FEATURE:1cxx_lambdas
    Feature record: CXX_FEATURE:1cxx_lambda_init_captures
    Feature record: CXX_FEATURE:1cxx_local_type_template_args
    Feature record: CXX_FEATURE:1cxx_long_long_type
    Feature record: CXX_FEATURE:1cxx_noexcept
    Feature record: CXX_FEATURE:1cxx_nonstatic_member_init
    Feature record: CXX_FEATURE:1cxx_nullptr
    Feature record: CXX_FEATURE:1cxx_override
    Feature record: CXX_FEATURE:1cxx_range_for
    Feature record: CXX_FEATURE:1cxx_raw_string_literals
    Feature record: CXX_FEATURE:1cxx_reference_qualified_functions
    Feature record: CXX_FEATURE:1cxx_relaxed_constexpr
    Feature record: CXX_FEATURE:1cxx_return_type_deduction
    Feature record: CXX_FEATURE:1cxx_right_angle_brackets
    Feature record: CXX_FEATURE:1cxx_rvalue_references
    Feature record: CXX_FEATURE:1cxx_sizeof_member
    Feature record: CXX_FEATURE:1cxx_static_assert
    Feature record: CXX_FEATURE:1cxx_strong_enums
    Feature record: CXX_FEATURE:1cxx_template_template_parameters
    Feature record: CXX_FEATURE:0cxx_thread_local
    Feature record: CXX_FEATURE:1cxx_trailing_return_types
    Feature record: CXX_FEATURE:1cxx_unicode_literals
    Feature record: CXX_FEATURE:1cxx_uniform_initialization
    Feature record: CXX_FEATURE:1cxx_unrestricted_unions
    Feature record: CXX_FEATURE:1cxx_user_literals
    Feature record: CXX_FEATURE:1cxx_variable_templates
    Feature record: CXX_FEATURE:1cxx_variadic_macros
    Feature record: CXX_FEATURE:1cxx_variadic_templates


Detecting CXX [-std=c++11] compiler features compiled with the following output:
Change Dir: /Users/trishalian/GitRepos/pbrt-v3-spectral/bin/CMakeFiles/CMakeTmp

Run Build Command:"/usr/bin/make" "cmTC_67f76/fast"
/Applications/Xcode.app/Contents/Developer/usr/bin/make -f CMakeFiles/cmTC_67f76.dir/build.make CMakeFiles/cmTC_67f76.dir/build
Building CXX object CMakeFiles/cmTC_67f76.dir/feature_tests.cxx.o
/Applications/Xcode.app/Contents/Developer/Toolchains/XcodeDefault.xctoolchain/usr/bin/c++    -std=c++11 -o CMakeFiles/cmTC_67f76.dir/feature_tests.cxx.o -c /Users/trishalian/GitRepos/pbrt-v3-spectral/bin/CMakeFiles/feature_tests.cxx
Linking CXX executable cmTC_67f76
/usr/local/Cellar/cmake/3.9.4_1/bin/cmake -E cmake_link_script CMakeFiles/cmTC_67f76.dir/link.txt --verbose=1
/Applications/Xcode.app/Contents/Developer/Toolchains/XcodeDefault.xctoolchain/usr/bin/c++    -Wl,-search_paths_first -Wl,-headerpad_max_install_names   CMakeFiles/cmTC_67f76.dir/feature_tests.cxx.o  -o cmTC_67f76 


    Feature record: CXX_FEATURE:0cxx_aggregate_default_initializers
    Feature record: CXX_FEATURE:1cxx_alias_templates
    Feature record: CXX_FEATURE:1cxx_alignas
    Feature record: CXX_FEATURE:1cxx_alignof
    Feature record: CXX_FEATURE:1cxx_attributes
    Feature record: CXX_FEATURE:0cxx_attribute_deprecated
    Feature record: CXX_FEATURE:1cxx_auto_type
    Feature record: CXX_FEATURE:0cxx_binary_literals
    Feature record: CXX_FEATURE:1cxx_constexpr
    Feature record: CXX_FEATURE:0cxx_contextual_conversions
    Feature record: CXX_FEATURE:1cxx_decltype
    Feature record: CXX_FEATURE:0cxx_decltype_auto
    Feature record: CXX_FEATURE:1cxx_decltype_incomplete_return_types
    Feature record: CXX_FEATURE:1cxx_default_function_template_args
    Feature record: CXX_FEATURE:1cxx_defaulted_functions
    Feature record: CXX_FEATURE:1cxx_defaulted_move_initializers
    Feature record: CXX_FEATURE:1cxx_delegating_constructors
    Feature record: CXX_FEATURE:1cxx_deleted_functions
    Feature record: CXX_FEATURE:0cxx_digit_separators
    Feature record: CXX_FEATURE:1cxx_enum_forward_declarations
    Feature record: CXX_FEATURE:1cxx_explicit_conversions
    Feature record: CXX_FEATURE:1cxx_extended_friend_declarations
    Feature record: CXX_FEATURE:1cxx_extern_templates
    Feature record: CXX_FEATURE:1cxx_final
    Feature record: CXX_FEATURE:1cxx_func_identifier
    Feature record: CXX_FEATURE:1cxx_generalized_initializers
    Feature record: CXX_FEATURE:0cxx_generic_lambdas
    Feature record: CXX_FEATURE:1cxx_inheriting_constructors
    Feature record: CXX_FEATURE:1cxx_inline_namespaces
    Feature record: CXX_FEATURE:1cxx_lambdas
    Feature record: CXX_FEATURE:0cxx_lambda_init_captures
    Feature record: CXX_FEATURE:1cxx_local_type_template_args
    Feature record: CXX_FEATURE:1cxx_long_long_type
    Feature record: CXX_FEATURE:1cxx_noexcept
    Feature record: CXX_FEATURE:1cxx_nonstatic_member_init
    Feature record: CXX_FEATURE:1cxx_nullptr
    Feature record: CXX_FEATURE:1cxx_override
    Feature record: CXX_FEATURE:1cxx_range_for
    Feature record: CXX_FEATURE:1cxx_raw_string_literals
    Feature record: CXX_FEATURE:1cxx_reference_qualified_functions
    Feature record: CXX_FEATURE:0cxx_relaxed_constexpr
    Feature record: CXX_FEATURE:0cxx_return_type_deduction
    Feature record: CXX_FEATURE:1cxx_right_angle_brackets
    Feature record: CXX_FEATURE:1cxx_rvalue_references
    Feature record: CXX_FEATURE:1cxx_sizeof_member
    Feature record: CXX_FEATURE:1cxx_static_assert
    Feature record: CXX_FEATURE:1cxx_strong_enums
    Feature record: CXX_FEATURE:1cxx_template_template_parameters
    Feature record: CXX_FEATURE:0cxx_thread_local
    Feature record: CXX_FEATURE:1cxx_trailing_return_types
    Feature record: CXX_FEATURE:1cxx_unicode_literals
    Feature record: CXX_FEATURE:1cxx_uniform_initialization
    Feature record: CXX_FEATURE:1cxx_unrestricted_unions
    Feature record: CXX_FEATURE:1cxx_user_literals
    Feature record: CXX_FEATURE:0cxx_variable_templates
    Feature record: CXX_FEATURE:1cxx_variadic_macros
    Feature record: CXX_FEATURE:1cxx_variadic_templates


Detecting CXX [-std=c++98] compiler features compiled with the following output:
Change Dir: /Users/trishalian/GitRepos/pbrt-v3-spectral/bin/CMakeFiles/CMakeTmp

Run Build Command:"/usr/bin/make" "cmTC_e9591/fast"
/Applications/Xcode.app/Contents/Developer/usr/bin/make -f CMakeFiles/cmTC_e9591.dir/build.make CMakeFiles/cmTC_e9591.dir/build
Building CXX object CMakeFiles/cmTC_e9591.dir/feature_tests.cxx.o
/Applications/Xcode.app/Contents/Developer/Toolchains/XcodeDefault.xctoolchain/usr/bin/c++    -std=c++98 -o CMakeFiles/cmTC_e9591.dir/feature_tests.cxx.o -c /Users/trishalian/GitRepos/pbrt-v3-spectral/bin/CMakeFiles/feature_tests.cxx
Linking CXX executable cmTC_e9591
/usr/local/Cellar/cmake/3.9.4_1/bin/cmake -E cmake_link_script CMakeFiles/cmTC_e9591.dir/link.txt --verbose=1
/Applications/Xcode.app/Contents/Developer/Toolchains/XcodeDefault.xctoolchain/usr/bin/c++    -Wl,-search_paths_first -Wl,-headerpad_max_install_names   CMakeFiles/cmTC_e9591.dir/feature_tests.cxx.o  -o cmTC_e9591 


    Feature record: CXX_FEATURE:0cxx_aggregate_default_initializers
    Feature record: CXX_FEATURE:0cxx_alias_templates
    Feature record: CXX_FEATURE:0cxx_alignas
    Feature record: CXX_FEATURE:0cxx_alignof
    Feature record: CXX_FEATURE:0cxx_attributes
    Feature record: CXX_FEATURE:0cxx_attribute_deprecated
    Feature record: CXX_FEATURE:0cxx_auto_type
    Feature record: CXX_FEATURE:0cxx_binary_literals
    Feature record: CXX_FEATURE:0cxx_constexpr
    Feature record: CXX_FEATURE:0cxx_contextual_conversions
    Feature record: CXX_FEATURE:0cxx_decltype
    Feature record: CXX_FEATURE:0cxx_decltype_auto
    Feature record: CXX_FEATURE:0cxx_decltype_incomplete_return_types
    Feature record: CXX_FEATURE:0cxx_default_function_template_args
    Feature record: CXX_FEATURE:0cxx_defaulted_functions
    Feature record: CXX_FEATURE:0cxx_defaulted_move_initializers
    Feature record: CXX_FEATURE:0cxx_delegating_constructors
    Feature record: CXX_FEATURE:0cxx_deleted_functions
    Feature record: CXX_FEATURE:0cxx_digit_separators
    Feature record: CXX_FEATURE:0cxx_enum_forward_declarations
    Feature record: CXX_FEATURE:0cxx_explicit_conversions
    Feature record: CXX_FEATURE:0cxx_extended_friend_declarations
    Feature record: CXX_FEATURE:0cxx_extern_templates
    Feature record: CXX_FEATURE:0cxx_final
    Feature record: CXX_FEATURE:0cxx_func_identifier
    Feature record: CXX_FEATURE:0cxx_generalized_initializers
    Feature record: CXX_FEATURE:0cxx_generic_lambdas
    Feature record: CXX_FEATURE:0cxx_inheriting_constructors
    Feature record: CXX_FEATURE:0cxx_inline_namespaces
    Feature record: CXX_FEATURE:0cxx_lambdas
    Feature record: CXX_FEATURE:0cxx_lambda_init_captures
    Feature record: CXX_FEATURE:0cxx_local_type_template_args
    Feature record: CXX_FEATURE:0cxx_long_long_type
    Feature record: CXX_FEATURE:0cxx_noexcept
    Feature record: CXX_FEATURE:0cxx_nonstatic_member_init
    Feature record: CXX_FEATURE:0cxx_nullptr
    Feature record: CXX_FEATURE:0cxx_override
    Feature record: CXX_FEATURE:0cxx_range_for
    Feature record: CXX_FEATURE:0cxx_raw_string_literals
    Feature record: CXX_FEATURE:0cxx_reference_qualified_functions
    Feature record: CXX_FEATURE:0cxx_relaxed_constexpr
    Feature record: CXX_FEATURE:0cxx_return_type_deduction
    Feature record: CXX_FEATURE:0cxx_right_angle_brackets
    Feature record: CXX_FEATURE:0cxx_rvalue_references
    Feature record: CXX_FEATURE:0cxx_sizeof_member
    Feature record: CXX_FEATURE:0cxx_static_assert
    Feature record: CXX_FEATURE:0cxx_strong_enums
    Feature record: CXX_FEATURE:1cxx_template_template_parameters
    Feature record: CXX_FEATURE:0cxx_thread_local
    Feature record: CXX_FEATURE:0cxx_trailing_return_types
    Feature record: CXX_FEATURE:0cxx_unicode_literals
    Feature record: CXX_FEATURE:0cxx_uniform_initialization
    Feature record: CXX_FEATURE:0cxx_unrestricted_unions
    Feature record: CXX_FEATURE:0cxx_user_literals
    Feature record: CXX_FEATURE:0cxx_variable_templates
    Feature record: CXX_FEATURE:0cxx_variadic_macros
    Feature record: CXX_FEATURE:0cxx_variadic_templates
Determining if the include file pthread.h exists passed with the following output:
Change Dir: /Users/trishalian/GitRepos/pbrt-v3-spectral/bin/CMakeFiles/CMakeTmp

Run Build Command:"/usr/bin/make" "cmTC_83028/fast"
/Applications/Xcode.app/Contents/Developer/usr/bin/make -f CMakeFiles/cmTC_83028.dir/build.make CMakeFiles/cmTC_83028.dir/build
Building C object CMakeFiles/cmTC_83028.dir/CheckIncludeFile.c.o
/Applications/Xcode.app/Contents/Developer/Toolchains/XcodeDefault.xctoolchain/usr/bin/cc    -o CMakeFiles/cmTC_83028.dir/CheckIncludeFile.c.o   -c /Users/trishalian/GitRepos/pbrt-v3-spectral/bin/CMakeFiles/CMakeTmp/CheckIncludeFile.c
Linking C executable cmTC_83028
/usr/local/Cellar/cmake/3.9.4_1/bin/cmake -E cmake_link_script CMakeFiles/cmTC_83028.dir/link.txt --verbose=1
/Applications/Xcode.app/Contents/Developer/Toolchains/XcodeDefault.xctoolchain/usr/bin/cc   -Wl,-search_paths_first -Wl,-headerpad_max_install_names   CMakeFiles/cmTC_83028.dir/CheckIncludeFile.c.o  -o cmTC_83028 


Determining if the pthread_create exist passed with the following output:
Change Dir: /Users/trishalian/GitRepos/pbrt-v3-spectral/bin/CMakeFiles/CMakeTmp

Run Build Command:"/usr/bin/make" "cmTC_c47b7/fast"
/Applications/Xcode.app/Contents/Developer/usr/bin/make -f CMakeFiles/cmTC_c47b7.dir/build.make CMakeFiles/cmTC_c47b7.dir/build
Building C object CMakeFiles/cmTC_c47b7.dir/CheckSymbolExists.c.o
/Applications/Xcode.app/Contents/Developer/Toolchains/XcodeDefault.xctoolchain/usr/bin/cc    -o CMakeFiles/cmTC_c47b7.dir/CheckSymbolExists.c.o   -c /Users/trishalian/GitRepos/pbrt-v3-spectral/bin/CMakeFiles/CMakeTmp/CheckSymbolExists.c
Linking C executable cmTC_c47b7
/usr/local/Cellar/cmake/3.9.4_1/bin/cmake -E cmake_link_script CMakeFiles/cmTC_c47b7.dir/link.txt --verbose=1
/Applications/Xcode.app/Contents/Developer/Toolchains/XcodeDefault.xctoolchain/usr/bin/cc   -Wl,-search_paths_first -Wl,-headerpad_max_install_names   CMakeFiles/cmTC_c47b7.dir/CheckSymbolExists.c.o  -o cmTC_c47b7 

File /Users/trishalian/GitRepos/pbrt-v3-spectral/bin/CMakeFiles/CMakeTmp/CheckSymbolExists.c:
/* */
#include <pthread.h>

int main(int argc, char** argv)
{
  (void)argv;
#ifndef pthread_create
  return ((int*)(&pthread_create))[argc];
#else
  (void)argc;
  return 0;
#endif
}

Determining if files alloca.h exist passed with the following output:
Change Dir: /Users/trishalian/GitRepos/pbrt-v3-spectral/bin/CMakeFiles/CMakeTmp

Run Build Command:"/usr/bin/make" "cmTC_16d5e/fast"
/Applications/Xcode.app/Contents/Developer/usr/bin/make -f CMakeFiles/cmTC_16d5e.dir/build.make CMakeFiles/cmTC_16d5e.dir/build
Building C object CMakeFiles/cmTC_16d5e.dir/CheckIncludeFiles.c.o
/Applications/Xcode.app/Contents/Developer/Toolchains/XcodeDefault.xctoolchain/usr/bin/cc    -o CMakeFiles/cmTC_16d5e.dir/CheckIncludeFiles.c.o   -c /Users/trishalian/GitRepos/pbrt-v3-spectral/bin/CMakeFiles/CMakeTmp/CheckIncludeFiles.c
Linking C executable cmTC_16d5e
/usr/local/Cellar/cmake/3.9.4_1/bin/cmake -E cmake_link_script CMakeFiles/cmTC_16d5e.dir/link.txt --verbose=1
/Applications/Xcode.app/Contents/Developer/Toolchains/XcodeDefault.xctoolchain/usr/bin/cc   -Wl,-search_paths_first -Wl,-headerpad_max_install_names   CMakeFiles/cmTC_16d5e.dir/CheckIncludeFiles.c.o  -o cmTC_16d5e 


Determining if files memory.h exist passed with the following output:
Change Dir: /Users/trishalian/GitRepos/pbrt-v3-spectral/bin/CMakeFiles/CMakeTmp

Run Build Command:"/usr/bin/make" "cmTC_bdb79/fast"
/Applications/Xcode.app/Contents/Developer/usr/bin/make -f CMakeFiles/cmTC_bdb79.dir/build.make CMakeFiles/cmTC_bdb79.dir/build
Building C object CMakeFiles/cmTC_bdb79.dir/CheckIncludeFiles.c.o
/Applications/Xcode.app/Contents/Developer/Toolchains/XcodeDefault.xctoolchain/usr/bin/cc    -o CMakeFiles/cmTC_bdb79.dir/CheckIncludeFiles.c.o   -c /Users/trishalian/GitRepos/pbrt-v3-spectral/bin/CMakeFiles/CMakeTmp/CheckIncludeFiles.c
Linking C executable cmTC_bdb79
/usr/local/Cellar/cmake/3.9.4_1/bin/cmake -E cmake_link_script CMakeFiles/cmTC_bdb79.dir/link.txt --verbose=1
/Applications/Xcode.app/Contents/Developer/Toolchains/XcodeDefault.xctoolchain/usr/bin/cc   -Wl,-search_paths_first -Wl,-headerpad_max_install_names   CMakeFiles/cmTC_bdb79.dir/CheckIncludeFiles.c.o  -o cmTC_bdb79 


Determining if files unistd.h exist passed with the following output:
Change Dir: /Users/trishalian/GitRepos/pbrt-v3-spectral/bin/CMakeFiles/CMakeTmp

Run Build Command:"/usr/bin/make" "cmTC_fa325/fast"
/Applications/Xcode.app/Contents/Developer/usr/bin/make -f CMakeFiles/cmTC_fa325.dir/build.make CMakeFiles/cmTC_fa325.dir/build
Building C object CMakeFiles/cmTC_fa325.dir/CheckIncludeFiles.c.o
/Applications/Xcode.app/Contents/Developer/Toolchains/XcodeDefault.xctoolchain/usr/bin/cc    -o CMakeFiles/cmTC_fa325.dir/CheckIncludeFiles.c.o   -c /Users/trishalian/GitRepos/pbrt-v3-spectral/bin/CMakeFiles/CMakeTmp/CheckIncludeFiles.c
Linking C executable cmTC_fa325
/usr/local/Cellar/cmake/3.9.4_1/bin/cmake -E cmake_link_script CMakeFiles/cmTC_fa325.dir/link.txt --verbose=1
/Applications/Xcode.app/Contents/Developer/Toolchains/XcodeDefault.xctoolchain/usr/bin/cc   -Wl,-search_paths_first -Wl,-headerpad_max_install_names   CMakeFiles/cmTC_fa325.dir/CheckIncludeFiles.c.o  -o cmTC_fa325 


Performing C++ SOURCE FILE Test HAVE_HEX_FP_CONSTANTS succeeded with the following output:
Change Dir: /Users/trishalian/GitRepos/pbrt-v3-spectral/bin/CMakeFiles/CMakeTmp

Run Build Command:"/usr/bin/make" "cmTC_d529b/fast"
/Applications/Xcode.app/Contents/Developer/usr/bin/make -f CMakeFiles/cmTC_d529b.dir/build.make CMakeFiles/cmTC_d529b.dir/build
Building CXX object CMakeFiles/cmTC_d529b.dir/src.cxx.o
/Applications/Xcode.app/Contents/Developer/Toolchains/XcodeDefault.xctoolchain/usr/bin/c++    -std=c++11 -Wno-deprecated-register -DHAVE_HEX_FP_CONSTANTS   -o CMakeFiles/cmTC_d529b.dir/src.cxx.o -c /Users/trishalian/GitRepos/pbrt-v3-spectral/bin/CMakeFiles/CMakeTmp/src.cxx
Linking CXX executable cmTC_d529b
/usr/local/Cellar/cmake/3.9.4_1/bin/cmake -E cmake_link_script CMakeFiles/cmTC_d529b.dir/link.txt --verbose=1
/Applications/Xcode.app/Contents/Developer/Toolchains/XcodeDefault.xctoolchain/usr/bin/c++   -std=c++11 -Wno-deprecated-register -DHAVE_HEX_FP_CONSTANTS -Wl,-search_paths_first -Wl,-headerpad_max_install_names   CMakeFiles/cmTC_d529b.dir/src.cxx.o  -o cmTC_d529b 

Source file was:
int main() { float x = 0x1p-32f; }
Performing C++ SOURCE FILE Test HAVE_BINARY_CONSTANTS succeeded with the following output:
Change Dir: /Users/trishalian/GitRepos/pbrt-v3-spectral/bin/CMakeFiles/CMakeTmp

Run Build Command:"/usr/bin/make" "cmTC_508b5/fast"
/Applications/Xcode.app/Contents/Developer/usr/bin/make -f CMakeFiles/cmTC_508b5.dir/build.make CMakeFiles/cmTC_508b5.dir/build
Building CXX object CMakeFiles/cmTC_508b5.dir/src.cxx.o
/Applications/Xcode.app/Contents/Developer/Toolchains/XcodeDefault.xctoolchain/usr/bin/c++    -std=c++11 -Wno-deprecated-register -DHAVE_BINARY_CONSTANTS   -o CMakeFiles/cmTC_508b5.dir/src.cxx.o -c /Users/trishalian/GitRepos/pbrt-v3-spectral/bin/CMakeFiles/CMakeTmp/src.cxx
Linking CXX executable cmTC_508b5
/usr/local/Cellar/cmake/3.9.4_1/bin/cmake -E cmake_link_script CMakeFiles/cmTC_508b5.dir/link.txt --verbose=1
/Applications/Xcode.app/Contents/Developer/Toolchains/XcodeDefault.xctoolchain/usr/bin/c++   -std=c++11 -Wno-deprecated-register -DHAVE_BINARY_CONSTANTS -Wl,-search_paths_first -Wl,-headerpad_max_install_names   CMakeFiles/cmTC_508b5.dir/src.cxx.o  -o cmTC_508b5 

Source file was:
int main() { int x = 0b101011; }
Performing C++ SOURCE FILE Test HAVE_CONSTEXPR succeeded with the following output:
Change Dir: /Users/trishalian/GitRepos/pbrt-v3-spectral/bin/CMakeFiles/CMakeTmp

Run Build Command:"/usr/bin/make" "cmTC_77a35/fast"
/Applications/Xcode.app/Contents/Developer/usr/bin/make -f CMakeFiles/cmTC_77a35.dir/build.make CMakeFiles/cmTC_77a35.dir/build
Building CXX object CMakeFiles/cmTC_77a35.dir/src.cxx.o
/Applications/Xcode.app/Contents/Developer/Toolchains/XcodeDefault.xctoolchain/usr/bin/c++    -std=c++11 -Wno-deprecated-register -DHAVE_CONSTEXPR   -o CMakeFiles/cmTC_77a35.dir/src.cxx.o -c /Users/trishalian/GitRepos/pbrt-v3-spectral/bin/CMakeFiles/CMakeTmp/src.cxx
Linking CXX executable cmTC_77a35
/usr/local/Cellar/cmake/3.9.4_1/bin/cmake -E cmake_link_script CMakeFiles/cmTC_77a35.dir/link.txt --verbose=1
/Applications/Xcode.app/Contents/Developer/Toolchains/XcodeDefault.xctoolchain/usr/bin/c++   -std=c++11 -Wno-deprecated-register -DHAVE_CONSTEXPR -Wl,-search_paths_first -Wl,-headerpad_max_install_names   CMakeFiles/cmTC_77a35.dir/src.cxx.o  -o cmTC_77a35 

Source file was:
int main() { constexpr int x = 0; }
Performing C++ SOURCE FILE Test HAVE_ALIGNAS succeeded with the following output:
Change Dir: /Users/trishalian/GitRepos/pbrt-v3-spectral/bin/CMakeFiles/CMakeTmp

Run Build Command:"/usr/bin/make" "cmTC_58bda/fast"
/Applications/Xcode.app/Contents/Developer/usr/bin/make -f CMakeFiles/cmTC_58bda.dir/build.make CMakeFiles/cmTC_58bda.dir/build
Building CXX object CMakeFiles/cmTC_58bda.dir/src.cxx.o
/Applications/Xcode.app/Contents/Developer/Toolchains/XcodeDefault.xctoolchain/usr/bin/c++    -std=c++11 -Wno-deprecated-register -DHAVE_ALIGNAS   -o CMakeFiles/cmTC_58bda.dir/src.cxx.o -c /Users/trishalian/GitRepos/pbrt-v3-spectral/bin/CMakeFiles/CMakeTmp/src.cxx
Linking CXX executable cmTC_58bda
/usr/local/Cellar/cmake/3.9.4_1/bin/cmake -E cmake_link_script CMakeFiles/cmTC_58bda.dir/link.txt --verbose=1
/Applications/Xcode.app/Contents/Developer/Toolchains/XcodeDefault.xctoolchain/usr/bin/c++   -std=c++11 -Wno-deprecated-register -DHAVE_ALIGNAS -Wl,-search_paths_first -Wl,-headerpad_max_install_names   CMakeFiles/cmTC_58bda.dir/src.cxx.o  -o cmTC_58bda 

Source file was:
struct alignas(32) Foo { char x; }; int main() { }
Performing C++ SOURCE FILE Test HAVE_ALIGNOF succeeded with the following output:
Change Dir: /Users/trishalian/GitRepos/pbrt-v3-spectral/bin/CMakeFiles/CMakeTmp

Run Build Command:"/usr/bin/make" "cmTC_65fab/fast"
/Applications/Xcode.app/Contents/Developer/usr/bin/make -f CMakeFiles/cmTC_65fab.dir/build.make CMakeFiles/cmTC_65fab.dir/build
Building CXX object CMakeFiles/cmTC_65fab.dir/src.cxx.o
/Applications/Xcode.app/Contents/Developer/Toolchains/XcodeDefault.xctoolchain/usr/bin/c++    -std=c++11 -Wno-deprecated-register -DHAVE_ALIGNOF   -o CMakeFiles/cmTC_65fab.dir/src.cxx.o -c /Users/trishalian/GitRepos/pbrt-v3-spectral/bin/CMakeFiles/CMakeTmp/src.cxx
Linking CXX executable cmTC_65fab
/usr/local/Cellar/cmake/3.9.4_1/bin/cmake -E cmake_link_script CMakeFiles/cmTC_65fab.dir/link.txt --verbose=1
/Applications/Xcode.app/Contents/Developer/Toolchains/XcodeDefault.xctoolchain/usr/bin/c++   -std=c++11 -Wno-deprecated-register -DHAVE_ALIGNOF -Wl,-search_paths_first -Wl,-headerpad_max_install_names   CMakeFiles/cmTC_65fab.dir/src.cxx.o  -o cmTC_65fab 

Source file was:
int main() { int x = alignof(double); }
Performing C++ SOURCE FILE Test HAVE_ITIMER succeeded with the following output:
Change Dir: /Users/trishalian/GitRepos/pbrt-v3-spectral/bin/CMakeFiles/CMakeTmp

Run Build Command:"/usr/bin/make" "cmTC_f01cb/fast"
/Applications/Xcode.app/Contents/Developer/usr/bin/make -f CMakeFiles/cmTC_f01cb.dir/build.make CMakeFiles/cmTC_f01cb.dir/build
Building CXX object CMakeFiles/cmTC_f01cb.dir/src.cxx.o
/Applications/Xcode.app/Contents/Developer/Toolchains/XcodeDefault.xctoolchain/usr/bin/c++    -std=c++11 -Wno-deprecated-register -DHAVE_ITIMER   -o CMakeFiles/cmTC_f01cb.dir/src.cxx.o -c /Users/trishalian/GitRepos/pbrt-v3-spectral/bin/CMakeFiles/CMakeTmp/src.cxx
Linking CXX executable cmTC_f01cb
/usr/local/Cellar/cmake/3.9.4_1/bin/cmake -E cmake_link_script CMakeFiles/cmTC_f01cb.dir/link.txt --verbose=1
/Applications/Xcode.app/Contents/Developer/Toolchains/XcodeDefault.xctoolchain/usr/bin/c++   -std=c++11 -Wno-deprecated-register -DHAVE_ITIMER -Wl,-search_paths_first -Wl,-headerpad_max_install_names   CMakeFiles/cmTC_f01cb.dir/src.cxx.o  -o cmTC_f01cb 

Return value: 1
Source file was:

#include <signal.h>
#include <string.h>
#include <sys/time.h>
void ReportProfileSample(int, siginfo_t *, void *) { }
int main() {
    struct sigaction sa;
    memset(&sa, 0, sizeof(sa));
    sa.sa_sigaction = ReportProfileSample;
    sa.sa_flags = SA_RESTART | SA_SIGINFO;
    sigemptyset(&sa.sa_mask);
    sigaction(SIGPROF, &sa, NULL);
    static struct itimerval timer;
    return setitimer(ITIMER_PROF, &timer, NULL) == 0 ? 0 : 1;
}

Performing C++ SOURCE FILE Test HAVE_NONPOD_IN_UNIONS succeeded with the following output:
Change Dir: /Users/trishalian/GitRepos/pbrt-v3-spectral/bin/CMakeFiles/CMakeTmp

Run Build Command:"/usr/bin/make" "cmTC_0a1c4/fast"
/Applications/Xcode.app/Contents/Developer/usr/bin/make -f CMakeFiles/cmTC_0a1c4.dir/build.make CMakeFiles/cmTC_0a1c4.dir/build
Building CXX object CMakeFiles/cmTC_0a1c4.dir/src.cxx.o
/Applications/Xcode.app/Contents/Developer/Toolchains/XcodeDefault.xctoolchain/usr/bin/c++    -std=c++11 -Wno-deprecated-register -DHAVE_NONPOD_IN_UNIONS   -o CMakeFiles/cmTC_0a1c4.dir/src.cxx.o -c /Users/trishalian/GitRepos/pbrt-v3-spectral/bin/CMakeFiles/CMakeTmp/src.cxx
Linking CXX executable cmTC_0a1c4
/usr/local/Cellar/cmake/3.9.4_1/bin/cmake -E cmake_link_script CMakeFiles/cmTC_0a1c4.dir/link.txt --verbose=1
/Applications/Xcode.app/Contents/Developer/Toolchains/XcodeDefault.xctoolchain/usr/bin/c++   -std=c++11 -Wno-deprecated-register -DHAVE_NONPOD_IN_UNIONS -Wl,-search_paths_first -Wl,-headerpad_max_install_names   CMakeFiles/cmTC_0a1c4.dir/src.cxx.o  -o cmTC_0a1c4 

Source file was:

class Bar { public: Bar() { x = 0; } float x; };
struct Foo { union { int x[10]; Bar b; }; Foo() : b() { } };
int main() { Foo f; }

Performing C++ SOURCE FILE Test HAVE_ATTRIBUTE_NOINLINE succeeded with the following output:
Change Dir: /Users/trishalian/GitRepos/pbrt-v3-spectral/bin/CMakeFiles/CMakeTmp

Run Build Command:"/usr/bin/make" "cmTC_8b7f7/fast"
/Applications/Xcode.app/Contents/Developer/usr/bin/make -f CMakeFiles/cmTC_8b7f7.dir/build.make CMakeFiles/cmTC_8b7f7.dir/build
Building CXX object CMakeFiles/cmTC_8b7f7.dir/src.cxx.o
/Applications/Xcode.app/Contents/Developer/Toolchains/XcodeDefault.xctoolchain/usr/bin/c++    -std=c++11 -Wno-deprecated-register -DHAVE_ATTRIBUTE_NOINLINE   -o CMakeFiles/cmTC_8b7f7.dir/src.cxx.o -c /Users/trishalian/GitRepos/pbrt-v3-spectral/bin/CMakeFiles/CMakeTmp/src.cxx
Linking CXX executable cmTC_8b7f7
/usr/local/Cellar/cmake/3.9.4_1/bin/cmake -E cmake_link_script CMakeFiles/cmTC_8b7f7.dir/link.txt --verbose=1
/Applications/Xcode.app/Contents/Developer/Toolchains/XcodeDefault.xctoolchain/usr/bin/c++   -std=c++11 -Wno-deprecated-register -DHAVE_ATTRIBUTE_NOINLINE -Wl,-search_paths_first -Wl,-headerpad_max_install_names   CMakeFiles/cmTC_8b7f7.dir/src.cxx.o  -o cmTC_8b7f7 

Source file was:
__attribute__((noinline)) void foo() { }
int main() { }
Performing C++ SOURCE FILE Test HAVE_POSIX_MEMALIGN succeeded with the following output:
Change Dir: /Users/trishalian/GitRepos/pbrt-v3-spectral/bin/CMakeFiles/CMakeTmp

Run Build Command:"/usr/bin/make" "cmTC_add25/fast"
/Applications/Xcode.app/Contents/Developer/usr/bin/make -f CMakeFiles/cmTC_add25.dir/build.make CMakeFiles/cmTC_add25.dir/build
Building CXX object CMakeFiles/cmTC_add25.dir/src.cxx.o
/Applications/Xcode.app/Contents/Developer/Toolchains/XcodeDefault.xctoolchain/usr/bin/c++    -std=c++11 -Wno-deprecated-register -DHAVE_POSIX_MEMALIGN   -o CMakeFiles/cmTC_add25.dir/src.cxx.o -c /Users/trishalian/GitRepos/pbrt-v3-spectral/bin/CMakeFiles/CMakeTmp/src.cxx
Linking CXX executable cmTC_add25
/usr/local/Cellar/cmake/3.9.4_1/bin/cmake -E cmake_link_script CMakeFiles/cmTC_add25.dir/link.txt --verbose=1
/Applications/Xcode.app/Contents/Developer/Toolchains/XcodeDefault.xctoolchain/usr/bin/c++   -std=c++11 -Wno-deprecated-register -DHAVE_POSIX_MEMALIGN -Wl,-search_paths_first -Wl,-headerpad_max_install_names   CMakeFiles/cmTC_add25.dir/src.cxx.o  -o cmTC_add25 

Source file was:

#include <stdlib.h>
int main() {
  void *ptr;
  posix_memalign(&ptr, 32, 1024);
} 
Performing C++ SOURCE FILE Test HAVE___THREAD succeeded with the following output:
Change Dir: /Users/trishalian/GitRepos/pbrt-v3-spectral/bin/CMakeFiles/CMakeTmp

Run Build Command:"/usr/bin/make" "cmTC_48021/fast"
/Applications/Xcode.app/Contents/Developer/usr/bin/make -f CMakeFiles/cmTC_48021.dir/build.make CMakeFiles/cmTC_48021.dir/build
Building CXX object CMakeFiles/cmTC_48021.dir/src.cxx.o
/Applications/Xcode.app/Contents/Developer/Toolchains/XcodeDefault.xctoolchain/usr/bin/c++    -std=c++11 -Wno-deprecated-register -DHAVE___THREAD   -o CMakeFiles/cmTC_48021.dir/src.cxx.o -c /Users/trishalian/GitRepos/pbrt-v3-spectral/bin/CMakeFiles/CMakeTmp/src.cxx
Linking CXX executable cmTC_48021
/usr/local/Cellar/cmake/3.9.4_1/bin/cmake -E cmake_link_script CMakeFiles/cmTC_48021.dir/link.txt --verbose=1
/Applications/Xcode.app/Contents/Developer/Toolchains/XcodeDefault.xctoolchain/usr/bin/c++   -std=c++11 -Wno-deprecated-register -DHAVE___THREAD -Wl,-search_paths_first -Wl,-headerpad_max_install_names   CMakeFiles/cmTC_48021.dir/src.cxx.o  -o cmTC_48021 

Source file was:

__thread int x; int main() { }

Performing C++ SOURCE FILE Test HAVE_GCC_INLINE_ASM_AVX succeeded with the following output:
Change Dir: /Users/trishalian/GitRepos/pbrt-v3-spectral/bin/CMakeFiles/CMakeTmp

Run Build Command:"/usr/bin/make" "cmTC_9b78e/fast"
/Applications/Xcode.app/Contents/Developer/usr/bin/make -f CMakeFiles/cmTC_9b78e.dir/build.make CMakeFiles/cmTC_9b78e.dir/build
Building CXX object CMakeFiles/cmTC_9b78e.dir/src.cxx.o
/Applications/Xcode.app/Contents/Developer/Toolchains/XcodeDefault.xctoolchain/usr/bin/c++    -std=c++11 -Wno-deprecated-register -Wno-switch -Wno-tautological-compare -Wno-deprecated-register -DHAVE_GCC_INLINE_ASM_AVX   -o CMakeFiles/cmTC_9b78e.dir/src.cxx.o -c /Users/trishalian/GitRepos/pbrt-v3-spectral/bin/CMakeFiles/CMakeTmp/src.cxx
Linking CXX executable cmTC_9b78e
/usr/local/Cellar/cmake/3.9.4_1/bin/cmake -E cmake_link_script CMakeFiles/cmTC_9b78e.dir/link.txt --verbose=1
/Applications/Xcode.app/Contents/Developer/Toolchains/XcodeDefault.xctoolchain/usr/bin/c++   -std=c++11 -Wno-deprecated-register -Wno-switch -Wno-tautological-compare -Wno-deprecated-register -DHAVE_GCC_INLINE_ASM_AVX -Wl,-search_paths_first -Wl,-headerpad_max_install_names   CMakeFiles/cmTC_9b78e.dir/src.cxx.o  -o cmTC_9b78e 

Source file was:

	int main()
	{
	 #if defined(__GNUC__) && defined(__SSE2__) 
		 int n   = 0;
		 int eax = 0;
		 int edx = 0;
		 __asm__(
			 "xgetbv     ;"
			 "vzeroupper  "
			 : "=a"(eax), "=d"(edx) : "c"(n) : );
	 #else
		 #error No GCC style inline asm supported for AVX instructions
	 #endif
	}
	
Performing C++ SOURCE FILE Test HAVE_SYSCONF_NPROCESSORS_ONLN succeeded with the following output:
Change Dir: /Users/trishalian/GitRepos/pbrt-v3-spectral/bin/CMakeFiles/CMakeTmp

Run Build Command:"/usr/bin/make" "cmTC_cae1c/fast"
/Applications/Xcode.app/Contents/Developer/usr/bin/make -f CMakeFiles/cmTC_cae1c.dir/build.make CMakeFiles/cmTC_cae1c.dir/build
Building CXX object CMakeFiles/cmTC_cae1c.dir/src.cxx.o
/Applications/Xcode.app/Contents/Developer/Toolchains/XcodeDefault.xctoolchain/usr/bin/c++    -std=c++11 -Wno-deprecated-register -Wno-switch -Wno-tautological-compare -Wno-deprecated-register -DHAVE_SYSCONF_NPROCESSORS_ONLN   -o CMakeFiles/cmTC_cae1c.dir/src.cxx.o -c /Users/trishalian/GitRepos/pbrt-v3-spectral/bin/CMakeFiles/CMakeTmp/src.cxx
Linking CXX executable cmTC_cae1c
/usr/local/Cellar/cmake/3.9.4_1/bin/cmake -E cmake_link_script CMakeFiles/cmTC_cae1c.dir/link.txt --verbose=1
/Applications/Xcode.app/Contents/Developer/Toolchains/XcodeDefault.xctoolchain/usr/bin/c++   -std=c++11 -Wno-deprecated-register -Wno-switch -Wno-tautological-compare -Wno-deprecated-register -DHAVE_SYSCONF_NPROCESSORS_ONLN -Wl,-search_paths_first -Wl,-headerpad_max_install_names   CMakeFiles/cmTC_cae1c.dir/src.cxx.o  -o cmTC_cae1c 

Source file was:

    #include <unistd.h>
    int main()
    {
        sysconf(_SC_NPROCESSORS_ONLN);
    }
    
Determining if the include file dlfcn.h exists passed with the following output:
Change Dir: /Users/trishalian/GitRepos/pbrt-v3-spectral/bin/CMakeFiles/CMakeTmp

Run Build Command:"/usr/bin/make" "cmTC_7624b/fast"
/Applications/Xcode.app/Contents/Developer/usr/bin/make -f CMakeFiles/cmTC_7624b.dir/build.make CMakeFiles/cmTC_7624b.dir/build
Building C object CMakeFiles/cmTC_7624b.dir/CheckIncludeFile.c.o
/Applications/Xcode.app/Contents/Developer/Toolchains/XcodeDefault.xctoolchain/usr/bin/cc    -o CMakeFiles/cmTC_7624b.dir/CheckIncludeFile.c.o   -c /Users/trishalian/GitRepos/pbrt-v3-spectral/bin/CMakeFiles/CMakeTmp/CheckIncludeFile.c
Linking C executable cmTC_7624b
/usr/local/Cellar/cmake/3.9.4_1/bin/cmake -E cmake_link_script CMakeFiles/cmTC_7624b.dir/link.txt --verbose=1
/Applications/Xcode.app/Contents/Developer/Toolchains/XcodeDefault.xctoolchain/usr/bin/cc   -Wl,-search_paths_first -Wl,-headerpad_max_install_names   CMakeFiles/cmTC_7624b.dir/CheckIncludeFile.c.o  -o cmTC_7624b 


Determining if the include file execinfo.h exists passed with the following output:
Change Dir: /Users/trishalian/GitRepos/pbrt-v3-spectral/bin/CMakeFiles/CMakeTmp

Run Build Command:"/usr/bin/make" "cmTC_a49c2/fast"
/Applications/Xcode.app/Contents/Developer/usr/bin/make -f CMakeFiles/cmTC_a49c2.dir/build.make CMakeFiles/cmTC_a49c2.dir/build
Building C object CMakeFiles/cmTC_a49c2.dir/CheckIncludeFile.c.o
/Applications/Xcode.app/Contents/Developer/Toolchains/XcodeDefault.xctoolchain/usr/bin/cc    -o CMakeFiles/cmTC_a49c2.dir/CheckIncludeFile.c.o   -c /Users/trishalian/GitRepos/pbrt-v3-spectral/bin/CMakeFiles/CMakeTmp/CheckIncludeFile.c
Linking C executable cmTC_a49c2
/usr/local/Cellar/cmake/3.9.4_1/bin/cmake -E cmake_link_script CMakeFiles/cmTC_a49c2.dir/link.txt --verbose=1
/Applications/Xcode.app/Contents/Developer/Toolchains/XcodeDefault.xctoolchain/usr/bin/cc   -Wl,-search_paths_first -Wl,-headerpad_max_install_names   CMakeFiles/cmTC_a49c2.dir/CheckIncludeFile.c.o  -o cmTC_a49c2 


Determining if the include file glob.h exists passed with the following output:
Change Dir: /Users/trishalian/GitRepos/pbrt-v3-spectral/bin/CMakeFiles/CMakeTmp

Run Build Command:"/usr/bin/make" "cmTC_1cb92/fast"
/Applications/Xcode.app/Contents/Developer/usr/bin/make -f CMakeFiles/cmTC_1cb92.dir/build.make CMakeFiles/cmTC_1cb92.dir/build
Building C object CMakeFiles/cmTC_1cb92.dir/CheckIncludeFile.c.o
/Applications/Xcode.app/Contents/Developer/Toolchains/XcodeDefault.xctoolchain/usr/bin/cc    -o CMakeFiles/cmTC_1cb92.dir/CheckIncludeFile.c.o   -c /Users/trishalian/GitRepos/pbrt-v3-spectral/bin/CMakeFiles/CMakeTmp/CheckIncludeFile.c
Linking C executable cmTC_1cb92
/usr/local/Cellar/cmake/3.9.4_1/bin/cmake -E cmake_link_script CMakeFiles/cmTC_1cb92.dir/link.txt --verbose=1
/Applications/Xcode.app/Contents/Developer/Toolchains/XcodeDefault.xctoolchain/usr/bin/cc   -Wl,-search_paths_first -Wl,-headerpad_max_install_names   CMakeFiles/cmTC_1cb92.dir/CheckIncludeFile.c.o  -o cmTC_1cb92 


Determining if the include file inttypes.h exists passed with the following output:
Change Dir: /Users/trishalian/GitRepos/pbrt-v3-spectral/bin/CMakeFiles/CMakeTmp

Run Build Command:"/usr/bin/make" "cmTC_effdc/fast"
/Applications/Xcode.app/Contents/Developer/usr/bin/make -f CMakeFiles/cmTC_effdc.dir/build.make CMakeFiles/cmTC_effdc.dir/build
Building C object CMakeFiles/cmTC_effdc.dir/CheckIncludeFile.c.o
/Applications/Xcode.app/Contents/Developer/Toolchains/XcodeDefault.xctoolchain/usr/bin/cc    -o CMakeFiles/cmTC_effdc.dir/CheckIncludeFile.c.o   -c /Users/trishalian/GitRepos/pbrt-v3-spectral/bin/CMakeFiles/CMakeTmp/CheckIncludeFile.c
Linking C executable cmTC_effdc
/usr/local/Cellar/cmake/3.9.4_1/bin/cmake -E cmake_link_script CMakeFiles/cmTC_effdc.dir/link.txt --verbose=1
/Applications/Xcode.app/Contents/Developer/Toolchains/XcodeDefault.xctoolchain/usr/bin/cc   -Wl,-search_paths_first -Wl,-headerpad_max_install_names   CMakeFiles/cmTC_effdc.dir/CheckIncludeFile.c.o  -o cmTC_effdc 


Determining if the include file libunwind.h exists passed with the following output:
Change Dir: /Users/trishalian/GitRepos/pbrt-v3-spectral/bin/CMakeFiles/CMakeTmp

Run Build Command:"/usr/bin/make" "cmTC_ce32a/fast"
/Applications/Xcode.app/Contents/Developer/usr/bin/make -f CMakeFiles/cmTC_ce32a.dir/build.make CMakeFiles/cmTC_ce32a.dir/build
Building C object CMakeFiles/cmTC_ce32a.dir/CheckIncludeFile.c.o
/Applications/Xcode.app/Contents/Developer/Toolchains/XcodeDefault.xctoolchain/usr/bin/cc    -o CMakeFiles/cmTC_ce32a.dir/CheckIncludeFile.c.o   -c /Users/trishalian/GitRepos/pbrt-v3-spectral/bin/CMakeFiles/CMakeTmp/CheckIncludeFile.c
Linking C executable cmTC_ce32a
/usr/local/Cellar/cmake/3.9.4_1/bin/cmake -E cmake_link_script CMakeFiles/cmTC_ce32a.dir/link.txt --verbose=1
/Applications/Xcode.app/Contents/Developer/Toolchains/XcodeDefault.xctoolchain/usr/bin/cc   -Wl,-search_paths_first -Wl,-headerpad_max_install_names   CMakeFiles/cmTC_ce32a.dir/CheckIncludeFile.c.o  -o cmTC_ce32a 


Determining if the include file pwd.h exists passed with the following output:
Change Dir: /Users/trishalian/GitRepos/pbrt-v3-spectral/bin/CMakeFiles/CMakeTmp

Run Build Command:"/usr/bin/make" "cmTC_eeafb/fast"
/Applications/Xcode.app/Contents/Developer/usr/bin/make -f CMakeFiles/cmTC_eeafb.dir/build.make CMakeFiles/cmTC_eeafb.dir/build
Building C object CMakeFiles/cmTC_eeafb.dir/CheckIncludeFile.c.o
/Applications/Xcode.app/Contents/Developer/Toolchains/XcodeDefault.xctoolchain/usr/bin/cc    -o CMakeFiles/cmTC_eeafb.dir/CheckIncludeFile.c.o   -c /Users/trishalian/GitRepos/pbrt-v3-spectral/bin/CMakeFiles/CMakeTmp/CheckIncludeFile.c
Linking C executable cmTC_eeafb
/usr/local/Cellar/cmake/3.9.4_1/bin/cmake -E cmake_link_script CMakeFiles/cmTC_eeafb.dir/link.txt --verbose=1
/Applications/Xcode.app/Contents/Developer/Toolchains/XcodeDefault.xctoolchain/usr/bin/cc   -Wl,-search_paths_first -Wl,-headerpad_max_install_names   CMakeFiles/cmTC_eeafb.dir/CheckIncludeFile.c.o  -o cmTC_eeafb 


Determining if the include file stdint.h exists passed with the following output:
Change Dir: /Users/trishalian/GitRepos/pbrt-v3-spectral/bin/CMakeFiles/CMakeTmp

Run Build Command:"/usr/bin/make" "cmTC_6b1cd/fast"
/Applications/Xcode.app/Contents/Developer/usr/bin/make -f CMakeFiles/cmTC_6b1cd.dir/build.make CMakeFiles/cmTC_6b1cd.dir/build
Building C object CMakeFiles/cmTC_6b1cd.dir/CheckIncludeFile.c.o
/Applications/Xcode.app/Contents/Developer/Toolchains/XcodeDefault.xctoolchain/usr/bin/cc    -o CMakeFiles/cmTC_6b1cd.dir/CheckIncludeFile.c.o   -c /Users/trishalian/GitRepos/pbrt-v3-spectral/bin/CMakeFiles/CMakeTmp/CheckIncludeFile.c
Linking C executable cmTC_6b1cd
/usr/local/Cellar/cmake/3.9.4_1/bin/cmake -E cmake_link_script CMakeFiles/cmTC_6b1cd.dir/link.txt --verbose=1
/Applications/Xcode.app/Contents/Developer/Toolchains/XcodeDefault.xctoolchain/usr/bin/cc   -Wl,-search_paths_first -Wl,-headerpad_max_install_names   CMakeFiles/cmTC_6b1cd.dir/CheckIncludeFile.c.o  -o cmTC_6b1cd 


Determining if the include file stdlib.h exists passed with the following output:
Change Dir: /Users/trishalian/GitRepos/pbrt-v3-spectral/bin/CMakeFiles/CMakeTmp

Run Build Command:"/usr/bin/make" "cmTC_c39c7/fast"
/Applications/Xcode.app/Contents/Developer/usr/bin/make -f CMakeFiles/cmTC_c39c7.dir/build.make CMakeFiles/cmTC_c39c7.dir/build
Building C object CMakeFiles/cmTC_c39c7.dir/CheckIncludeFile.c.o
/Applications/Xcode.app/Contents/Developer/Toolchains/XcodeDefault.xctoolchain/usr/bin/cc    -o CMakeFiles/cmTC_c39c7.dir/CheckIncludeFile.c.o   -c /Users/trishalian/GitRepos/pbrt-v3-spectral/bin/CMakeFiles/CMakeTmp/CheckIncludeFile.c
Linking C executable cmTC_c39c7
/usr/local/Cellar/cmake/3.9.4_1/bin/cmake -E cmake_link_script CMakeFiles/cmTC_c39c7.dir/link.txt --verbose=1
/Applications/Xcode.app/Contents/Developer/Toolchains/XcodeDefault.xctoolchain/usr/bin/cc   -Wl,-search_paths_first -Wl,-headerpad_max_install_names   CMakeFiles/cmTC_c39c7.dir/CheckIncludeFile.c.o  -o cmTC_c39c7 


Determining if the include file string.h exists passed with the following output:
Change Dir: /Users/trishalian/GitRepos/pbrt-v3-spectral/bin/CMakeFiles/CMakeTmp

Run Build Command:"/usr/bin/make" "cmTC_d6ae2/fast"
/Applications/Xcode.app/Contents/Developer/usr/bin/make -f CMakeFiles/cmTC_d6ae2.dir/build.make CMakeFiles/cmTC_d6ae2.dir/build
Building C object CMakeFiles/cmTC_d6ae2.dir/CheckIncludeFile.c.o
/Applications/Xcode.app/Contents/Developer/Toolchains/XcodeDefault.xctoolchain/usr/bin/cc    -o CMakeFiles/cmTC_d6ae2.dir/CheckIncludeFile.c.o   -c /Users/trishalian/GitRepos/pbrt-v3-spectral/bin/CMakeFiles/CMakeTmp/CheckIncludeFile.c
Linking C executable cmTC_d6ae2
/usr/local/Cellar/cmake/3.9.4_1/bin/cmake -E cmake_link_script CMakeFiles/cmTC_d6ae2.dir/link.txt --verbose=1
/Applications/Xcode.app/Contents/Developer/Toolchains/XcodeDefault.xctoolchain/usr/bin/cc   -Wl,-search_paths_first -Wl,-headerpad_max_install_names   CMakeFiles/cmTC_d6ae2.dir/CheckIncludeFile.c.o  -o cmTC_d6ae2 


Determining if the include file strings.h exists passed with the following output:
Change Dir: /Users/trishalian/GitRepos/pbrt-v3-spectral/bin/CMakeFiles/CMakeTmp

Run Build Command:"/usr/bin/make" "cmTC_d81d6/fast"
/Applications/Xcode.app/Contents/Developer/usr/bin/make -f CMakeFiles/cmTC_d81d6.dir/build.make CMakeFiles/cmTC_d81d6.dir/build
Building C object CMakeFiles/cmTC_d81d6.dir/CheckIncludeFile.c.o
/Applications/Xcode.app/Contents/Developer/Toolchains/XcodeDefault.xctoolchain/usr/bin/cc    -o CMakeFiles/cmTC_d81d6.dir/CheckIncludeFile.c.o   -c /Users/trishalian/GitRepos/pbrt-v3-spectral/bin/CMakeFiles/CMakeTmp/CheckIncludeFile.c
Linking C executable cmTC_d81d6
/usr/local/Cellar/cmake/3.9.4_1/bin/cmake -E cmake_link_script CMakeFiles/cmTC_d81d6.dir/link.txt --verbose=1
/Applications/Xcode.app/Contents/Developer/Toolchains/XcodeDefault.xctoolchain/usr/bin/cc   -Wl,-search_paths_first -Wl,-headerpad_max_install_names   CMakeFiles/cmTC_d81d6.dir/CheckIncludeFile.c.o  -o cmTC_d81d6 


Determining if the include file sys/stat.h exists passed with the following output:
Change Dir: /Users/trishalian/GitRepos/pbrt-v3-spectral/bin/CMakeFiles/CMakeTmp

Run Build Command:"/usr/bin/make" "cmTC_f4143/fast"
/Applications/Xcode.app/Contents/Developer/usr/bin/make -f CMakeFiles/cmTC_f4143.dir/build.make CMakeFiles/cmTC_f4143.dir/build
Building C object CMakeFiles/cmTC_f4143.dir/CheckIncludeFile.c.o
/Applications/Xcode.app/Contents/Developer/Toolchains/XcodeDefault.xctoolchain/usr/bin/cc    -o CMakeFiles/cmTC_f4143.dir/CheckIncludeFile.c.o   -c /Users/trishalian/GitRepos/pbrt-v3-spectral/bin/CMakeFiles/CMakeTmp/CheckIncludeFile.c
Linking C executable cmTC_f4143
/usr/local/Cellar/cmake/3.9.4_1/bin/cmake -E cmake_link_script CMakeFiles/cmTC_f4143.dir/link.txt --verbose=1
/Applications/Xcode.app/Contents/Developer/Toolchains/XcodeDefault.xctoolchain/usr/bin/cc   -Wl,-search_paths_first -Wl,-headerpad_max_install_names   CMakeFiles/cmTC_f4143.dir/CheckIncludeFile.c.o  -o cmTC_f4143 


Determining if the include file sys/syscall.h exists passed with the following output:
Change Dir: /Users/trishalian/GitRepos/pbrt-v3-spectral/bin/CMakeFiles/CMakeTmp

Run Build Command:"/usr/bin/make" "cmTC_86029/fast"
/Applications/Xcode.app/Contents/Developer/usr/bin/make -f CMakeFiles/cmTC_86029.dir/build.make CMakeFiles/cmTC_86029.dir/build
Building C object CMakeFiles/cmTC_86029.dir/CheckIncludeFile.c.o
/Applications/Xcode.app/Contents/Developer/Toolchains/XcodeDefault.xctoolchain/usr/bin/cc    -o CMakeFiles/cmTC_86029.dir/CheckIncludeFile.c.o   -c /Users/trishalian/GitRepos/pbrt-v3-spectral/bin/CMakeFiles/CMakeTmp/CheckIncludeFile.c
Linking C executable cmTC_86029
/usr/local/Cellar/cmake/3.9.4_1/bin/cmake -E cmake_link_script CMakeFiles/cmTC_86029.dir/link.txt --verbose=1
/Applications/Xcode.app/Contents/Developer/Toolchains/XcodeDefault.xctoolchain/usr/bin/cc   -Wl,-search_paths_first -Wl,-headerpad_max_install_names   CMakeFiles/cmTC_86029.dir/CheckIncludeFile.c.o  -o cmTC_86029 


Determining if the include file sys/time.h exists passed with the following output:
Change Dir: /Users/trishalian/GitRepos/pbrt-v3-spectral/bin/CMakeFiles/CMakeTmp

Run Build Command:"/usr/bin/make" "cmTC_60155/fast"
/Applications/Xcode.app/Contents/Developer/usr/bin/make -f CMakeFiles/cmTC_60155.dir/build.make CMakeFiles/cmTC_60155.dir/build
Building C object CMakeFiles/cmTC_60155.dir/CheckIncludeFile.c.o
/Applications/Xcode.app/Contents/Developer/Toolchains/XcodeDefault.xctoolchain/usr/bin/cc    -o CMakeFiles/cmTC_60155.dir/CheckIncludeFile.c.o   -c /Users/trishalian/GitRepos/pbrt-v3-spectral/bin/CMakeFiles/CMakeTmp/CheckIncludeFile.c
Linking C executable cmTC_60155
/usr/local/Cellar/cmake/3.9.4_1/bin/cmake -E cmake_link_script CMakeFiles/cmTC_60155.dir/link.txt --verbose=1
/Applications/Xcode.app/Contents/Developer/Toolchains/XcodeDefault.xctoolchain/usr/bin/cc   -Wl,-search_paths_first -Wl,-headerpad_max_install_names   CMakeFiles/cmTC_60155.dir/CheckIncludeFile.c.o  -o cmTC_60155 


Determining if the include file sys/types.h exists passed with the following output:
Change Dir: /Users/trishalian/GitRepos/pbrt-v3-spectral/bin/CMakeFiles/CMakeTmp

Run Build Command:"/usr/bin/make" "cmTC_4fb28/fast"
/Applications/Xcode.app/Contents/Developer/usr/bin/make -f CMakeFiles/cmTC_4fb28.dir/build.make CMakeFiles/cmTC_4fb28.dir/build
Building C object CMakeFiles/cmTC_4fb28.dir/CheckIncludeFile.c.o
/Applications/Xcode.app/Contents/Developer/Toolchains/XcodeDefault.xctoolchain/usr/bin/cc    -o CMakeFiles/cmTC_4fb28.dir/CheckIncludeFile.c.o   -c /Users/trishalian/GitRepos/pbrt-v3-spectral/bin/CMakeFiles/CMakeTmp/CheckIncludeFile.c
Linking C executable cmTC_4fb28
/usr/local/Cellar/cmake/3.9.4_1/bin/cmake -E cmake_link_script CMakeFiles/cmTC_4fb28.dir/link.txt --verbose=1
/Applications/Xcode.app/Contents/Developer/Toolchains/XcodeDefault.xctoolchain/usr/bin/cc   -Wl,-search_paths_first -Wl,-headerpad_max_install_names   CMakeFiles/cmTC_4fb28.dir/CheckIncludeFile.c.o  -o cmTC_4fb28 


Determining if the include file sys/utsname.h exists passed with the following output:
Change Dir: /Users/trishalian/GitRepos/pbrt-v3-spectral/bin/CMakeFiles/CMakeTmp

Run Build Command:"/usr/bin/make" "cmTC_48d6c/fast"
/Applications/Xcode.app/Contents/Developer/usr/bin/make -f CMakeFiles/cmTC_48d6c.dir/build.make CMakeFiles/cmTC_48d6c.dir/build
Building C object CMakeFiles/cmTC_48d6c.dir/CheckIncludeFile.c.o
/Applications/Xcode.app/Contents/Developer/Toolchains/XcodeDefault.xctoolchain/usr/bin/cc    -o CMakeFiles/cmTC_48d6c.dir/CheckIncludeFile.c.o   -c /Users/trishalian/GitRepos/pbrt-v3-spectral/bin/CMakeFiles/CMakeTmp/CheckIncludeFile.c
Linking C executable cmTC_48d6c
/usr/local/Cellar/cmake/3.9.4_1/bin/cmake -E cmake_link_script CMakeFiles/cmTC_48d6c.dir/link.txt --verbose=1
/Applications/Xcode.app/Contents/Developer/Toolchains/XcodeDefault.xctoolchain/usr/bin/cc   -Wl,-search_paths_first -Wl,-headerpad_max_install_names   CMakeFiles/cmTC_48d6c.dir/CheckIncludeFile.c.o  -o cmTC_48d6c 


Determining if the include file syslog.h exists passed with the following output:
Change Dir: /Users/trishalian/GitRepos/pbrt-v3-spectral/bin/CMakeFiles/CMakeTmp

Run Build Command:"/usr/bin/make" "cmTC_0cc61/fast"
/Applications/Xcode.app/Contents/Developer/usr/bin/make -f CMakeFiles/cmTC_0cc61.dir/build.make CMakeFiles/cmTC_0cc61.dir/build
Building C object CMakeFiles/cmTC_0cc61.dir/CheckIncludeFile.c.o
/Applications/Xcode.app/Contents/Developer/Toolchains/XcodeDefault.xctoolchain/usr/bin/cc    -o CMakeFiles/cmTC_0cc61.dir/CheckIncludeFile.c.o   -c /Users/trishalian/GitRepos/pbrt-v3-spectral/bin/CMakeFiles/CMakeTmp/CheckIncludeFile.c
Linking C executable cmTC_0cc61
/usr/local/Cellar/cmake/3.9.4_1/bin/cmake -E cmake_link_script CMakeFiles/cmTC_0cc61.dir/link.txt --verbose=1
/Applications/Xcode.app/Contents/Developer/Toolchains/XcodeDefault.xctoolchain/usr/bin/cc   -Wl,-search_paths_first -Wl,-headerpad_max_install_names   CMakeFiles/cmTC_0cc61.dir/CheckIncludeFile.c.o  -o cmTC_0cc61 


Determining if the include file unwind.h exists passed with the following output:
Change Dir: /Users/trishalian/GitRepos/pbrt-v3-spectral/bin/CMakeFiles/CMakeTmp

Run Build Command:"/usr/bin/make" "cmTC_cac67/fast"
/Applications/Xcode.app/Contents/Developer/usr/bin/make -f CMakeFiles/cmTC_cac67.dir/build.make CMakeFiles/cmTC_cac67.dir/build
Building C object CMakeFiles/cmTC_cac67.dir/CheckIncludeFile.c.o
/Applications/Xcode.app/Contents/Developer/Toolchains/XcodeDefault.xctoolchain/usr/bin/cc    -o CMakeFiles/cmTC_cac67.dir/CheckIncludeFile.c.o   -c /Users/trishalian/GitRepos/pbrt-v3-spectral/bin/CMakeFiles/CMakeTmp/CheckIncludeFile.c
Linking C executable cmTC_cac67
/usr/local/Cellar/cmake/3.9.4_1/bin/cmake -E cmake_link_script CMakeFiles/cmTC_cac67.dir/link.txt --verbose=1
/Applications/Xcode.app/Contents/Developer/Toolchains/XcodeDefault.xctoolchain/usr/bin/cc   -Wl,-search_paths_first -Wl,-headerpad_max_install_names   CMakeFiles/cmTC_cac67.dir/CheckIncludeFile.c.o  -o cmTC_cac67 


Determining if the include file ext/hash_map exists passed with the following output:
Change Dir: /Users/trishalian/GitRepos/pbrt-v3-spectral/bin/CMakeFiles/CMakeTmp

Run Build Command:"/usr/bin/make" "cmTC_028f2/fast"
/Applications/Xcode.app/Contents/Developer/usr/bin/make -f CMakeFiles/cmTC_028f2.dir/build.make CMakeFiles/cmTC_028f2.dir/build
Building CXX object CMakeFiles/cmTC_028f2.dir/CheckIncludeFile.cxx.o
/Applications/Xcode.app/Contents/Developer/Toolchains/XcodeDefault.xctoolchain/usr/bin/c++    -std=c++11 -Wno-deprecated-register    -o CMakeFiles/cmTC_028f2.dir/CheckIncludeFile.cxx.o -c /Users/trishalian/GitRepos/pbrt-v3-spectral/bin/CMakeFiles/CMakeTmp/CheckIncludeFile.cxx
In file included from /Users/trishalian/GitRepos/pbrt-v3-spectral/bin/CMakeFiles/CMakeTmp/CheckIncludeFile.cxx:1:
/Applications/Xcode.app/Contents/Developer/Toolchains/XcodeDefault.xctoolchain/usr/bin/../include/c++/v1/ext/hash_map:213:5: warning: Use of the header <ext/hash_map> is deprecated.  Migrate to <unordered_map> [-W#warnings]
#   warning Use of the header <ext/hash_map> is deprecated.  Migrate to <unordered_map>
    ^
1 warning generated.
Linking CXX executable cmTC_028f2
/usr/local/Cellar/cmake/3.9.4_1/bin/cmake -E cmake_link_script CMakeFiles/cmTC_028f2.dir/link.txt --verbose=1
/Applications/Xcode.app/Contents/Developer/Toolchains/XcodeDefault.xctoolchain/usr/bin/c++   -std=c++11 -Wno-deprecated-register  -Wl,-search_paths_first -Wl,-headerpad_max_install_names   CMakeFiles/cmTC_028f2.dir/CheckIncludeFile.cxx.o  -o cmTC_028f2 


Determining if the include file ext/hash_set exists passed with the following output:
Change Dir: /Users/trishalian/GitRepos/pbrt-v3-spectral/bin/CMakeFiles/CMakeTmp

Run Build Command:"/usr/bin/make" "cmTC_89d03/fast"
/Applications/Xcode.app/Contents/Developer/usr/bin/make -f CMakeFiles/cmTC_89d03.dir/build.make CMakeFiles/cmTC_89d03.dir/build
Building CXX object CMakeFiles/cmTC_89d03.dir/CheckIncludeFile.cxx.o
/Applications/Xcode.app/Contents/Developer/Toolchains/XcodeDefault.xctoolchain/usr/bin/c++    -std=c++11 -Wno-deprecated-register    -o CMakeFiles/cmTC_89d03.dir/CheckIncludeFile.cxx.o -c /Users/trishalian/GitRepos/pbrt-v3-spectral/bin/CMakeFiles/CMakeTmp/CheckIncludeFile.cxx
In file included from /Users/trishalian/GitRepos/pbrt-v3-spectral/bin/CMakeFiles/CMakeTmp/CheckIncludeFile.cxx:1:
/Applications/Xcode.app/Contents/Developer/Toolchains/XcodeDefault.xctoolchain/usr/bin/../include/c++/v1/ext/hash_set:205:5: warning: Use of the header <ext/hash_set> is deprecated.  Migrate to <unordered_set> [-W#warnings]
#   warning Use of the header <ext/hash_set> is deprecated.  Migrate to <unordered_set>
    ^
1 warning generated.
Linking CXX executable cmTC_89d03
/usr/local/Cellar/cmake/3.9.4_1/bin/cmake -E cmake_link_script CMakeFiles/cmTC_89d03.dir/link.txt --verbose=1
/Applications/Xcode.app/Contents/Developer/Toolchains/XcodeDefault.xctoolchain/usr/bin/c++   -std=c++11 -Wno-deprecated-register  -Wl,-search_paths_first -Wl,-headerpad_max_install_names   CMakeFiles/cmTC_89d03.dir/CheckIncludeFile.cxx.o  -o cmTC_89d03 


Determining if the include file unordered_map exists passed with the following output:
Change Dir: /Users/trishalian/GitRepos/pbrt-v3-spectral/bin/CMakeFiles/CMakeTmp

Run Build Command:"/usr/bin/make" "cmTC_ce704/fast"
/Applications/Xcode.app/Contents/Developer/usr/bin/make -f CMakeFiles/cmTC_ce704.dir/build.make CMakeFiles/cmTC_ce704.dir/build
Building CXX object CMakeFiles/cmTC_ce704.dir/CheckIncludeFile.cxx.o
/Applications/Xcode.app/Contents/Developer/Toolchains/XcodeDefault.xctoolchain/usr/bin/c++    -std=c++11 -Wno-deprecated-register    -o CMakeFiles/cmTC_ce704.dir/CheckIncludeFile.cxx.o -c /Users/trishalian/GitRepos/pbrt-v3-spectral/bin/CMakeFiles/CMakeTmp/CheckIncludeFile.cxx
Linking CXX executable cmTC_ce704
/usr/local/Cellar/cmake/3.9.4_1/bin/cmake -E cmake_link_script CMakeFiles/cmTC_ce704.dir/link.txt --verbose=1
/Applications/Xcode.app/Contents/Developer/Toolchains/XcodeDefault.xctoolchain/usr/bin/c++   -std=c++11 -Wno-deprecated-register  -Wl,-search_paths_first -Wl,-headerpad_max_install_names   CMakeFiles/cmTC_ce704.dir/CheckIncludeFile.cxx.o  -o cmTC_ce704 


Determining if the include file unordered_set exists passed with the following output:
Change Dir: /Users/trishalian/GitRepos/pbrt-v3-spectral/bin/CMakeFiles/CMakeTmp

Run Build Command:"/usr/bin/make" "cmTC_ca270/fast"
/Applications/Xcode.app/Contents/Developer/usr/bin/make -f CMakeFiles/cmTC_ca270.dir/build.make CMakeFiles/cmTC_ca270.dir/build
Building CXX object CMakeFiles/cmTC_ca270.dir/CheckIncludeFile.cxx.o
/Applications/Xcode.app/Contents/Developer/Toolchains/XcodeDefault.xctoolchain/usr/bin/c++    -std=c++11 -Wno-deprecated-register    -o CMakeFiles/cmTC_ca270.dir/CheckIncludeFile.cxx.o -c /Users/trishalian/GitRepos/pbrt-v3-spectral/bin/CMakeFiles/CMakeTmp/CheckIncludeFile.cxx
Linking CXX executable cmTC_ca270
/usr/local/Cellar/cmake/3.9.4_1/bin/cmake -E cmake_link_script CMakeFiles/cmTC_ca270.dir/link.txt --verbose=1
/Applications/Xcode.app/Contents/Developer/Toolchains/XcodeDefault.xctoolchain/usr/bin/c++   -std=c++11 -Wno-deprecated-register  -Wl,-search_paths_first -Wl,-headerpad_max_install_names   CMakeFiles/cmTC_ca270.dir/CheckIncludeFile.cxx.o  -o cmTC_ca270 


Determining if the include file stddef.h exists passed with the following output:
Change Dir: /Users/trishalian/GitRepos/pbrt-v3-spectral/bin/CMakeFiles/CMakeTmp

Run Build Command:"/usr/bin/make" "cmTC_bac71/fast"
/Applications/Xcode.app/Contents/Developer/usr/bin/make -f CMakeFiles/cmTC_bac71.dir/build.make CMakeFiles/cmTC_bac71.dir/build
Building C object CMakeFiles/cmTC_bac71.dir/CheckIncludeFile.c.o
/Applications/Xcode.app/Contents/Developer/Toolchains/XcodeDefault.xctoolchain/usr/bin/cc    -o CMakeFiles/cmTC_bac71.dir/CheckIncludeFile.c.o   -c /Users/trishalian/GitRepos/pbrt-v3-spectral/bin/CMakeFiles/CMakeTmp/CheckIncludeFile.c
Linking C executable cmTC_bac71
/usr/local/Cellar/cmake/3.9.4_1/bin/cmake -E cmake_link_script CMakeFiles/cmTC_bac71.dir/link.txt --verbose=1
/Applications/Xcode.app/Contents/Developer/Toolchains/XcodeDefault.xctoolchain/usr/bin/cc   -Wl,-search_paths_first -Wl,-headerpad_max_install_names   CMakeFiles/cmTC_bac71.dir/CheckIncludeFile.c.o  -o cmTC_bac71 


Determining size of u_int16_t passed with the following output:
Change Dir: /Users/trishalian/GitRepos/pbrt-v3-spectral/bin/CMakeFiles/CMakeTmp

Run Build Command:"/usr/bin/make" "cmTC_47308/fast"
/Applications/Xcode.app/Contents/Developer/usr/bin/make -f CMakeFiles/cmTC_47308.dir/build.make CMakeFiles/cmTC_47308.dir/build
Building C object CMakeFiles/cmTC_47308.dir/HAVE_U_INT16_T.c.o
/Applications/Xcode.app/Contents/Developer/Toolchains/XcodeDefault.xctoolchain/usr/bin/cc    -o CMakeFiles/cmTC_47308.dir/HAVE_U_INT16_T.c.o   -c /Users/trishalian/GitRepos/pbrt-v3-spectral/bin/CMakeFiles/CheckTypeSize/HAVE_U_INT16_T.c
Linking C executable cmTC_47308
/usr/local/Cellar/cmake/3.9.4_1/bin/cmake -E cmake_link_script CMakeFiles/cmTC_47308.dir/link.txt --verbose=1
/Applications/Xcode.app/Contents/Developer/Toolchains/XcodeDefault.xctoolchain/usr/bin/cc   -Wl,-search_paths_first -Wl,-headerpad_max_install_names   CMakeFiles/cmTC_47308.dir/HAVE_U_INT16_T.c.o  -o cmTC_47308 


Determining size of uint16_t passed with the following output:
Change Dir: /Users/trishalian/GitRepos/pbrt-v3-spectral/bin/CMakeFiles/CMakeTmp

Run Build Command:"/usr/bin/make" "cmTC_06902/fast"
/Applications/Xcode.app/Contents/Developer/usr/bin/make -f CMakeFiles/cmTC_06902.dir/build.make CMakeFiles/cmTC_06902.dir/build
Building C object CMakeFiles/cmTC_06902.dir/HAVE_UINT16_T.c.o
/Applications/Xcode.app/Contents/Developer/Toolchains/XcodeDefault.xctoolchain/usr/bin/cc    -o CMakeFiles/cmTC_06902.dir/HAVE_UINT16_T.c.o   -c /Users/trishalian/GitRepos/pbrt-v3-spectral/bin/CMakeFiles/CheckTypeSize/HAVE_UINT16_T.c
Linking C executable cmTC_06902
/usr/local/Cellar/cmake/3.9.4_1/bin/cmake -E cmake_link_script CMakeFiles/cmTC_06902.dir/link.txt --verbose=1
/Applications/Xcode.app/Contents/Developer/Toolchains/XcodeDefault.xctoolchain/usr/bin/cc   -Wl,-search_paths_first -Wl,-headerpad_max_install_names   CMakeFiles/cmTC_06902.dir/HAVE_UINT16_T.c.o  -o cmTC_06902 


Determining if the function dladdr exists passed with the following output:
Change Dir: /Users/trishalian/GitRepos/pbrt-v3-spectral/bin/CMakeFiles/CMakeTmp

Run Build Command:"/usr/bin/make" "cmTC_02570/fast"
/Applications/Xcode.app/Contents/Developer/usr/bin/make -f CMakeFiles/cmTC_02570.dir/build.make CMakeFiles/cmTC_02570.dir/build
Building C object CMakeFiles/cmTC_02570.dir/CheckFunctionExists.c.o
/Applications/Xcode.app/Contents/Developer/Toolchains/XcodeDefault.xctoolchain/usr/bin/cc   -DCHECK_FUNCTION_EXISTS=dladdr   -o CMakeFiles/cmTC_02570.dir/CheckFunctionExists.c.o   -c /usr/local/Cellar/cmake/3.9.4_1/share/cmake/Modules/CheckFunctionExists.c
Linking C executable cmTC_02570
/usr/local/Cellar/cmake/3.9.4_1/bin/cmake -E cmake_link_script CMakeFiles/cmTC_02570.dir/link.txt --verbose=1
/Applications/Xcode.app/Contents/Developer/Toolchains/XcodeDefault.xctoolchain/usr/bin/cc  -DCHECK_FUNCTION_EXISTS=dladdr -Wl,-search_paths_first -Wl,-headerpad_max_install_names   CMakeFiles/cmTC_02570.dir/CheckFunctionExists.c.o  -o cmTC_02570 


Determining if the function fcntl exists passed with the following output:
Change Dir: /Users/trishalian/GitRepos/pbrt-v3-spectral/bin/CMakeFiles/CMakeTmp

Run Build Command:"/usr/bin/make" "cmTC_e1fab/fast"
/Applications/Xcode.app/Contents/Developer/usr/bin/make -f CMakeFiles/cmTC_e1fab.dir/build.make CMakeFiles/cmTC_e1fab.dir/build
Building C object CMakeFiles/cmTC_e1fab.dir/CheckFunctionExists.c.o
/Applications/Xcode.app/Contents/Developer/Toolchains/XcodeDefault.xctoolchain/usr/bin/cc   -DCHECK_FUNCTION_EXISTS=fcntl   -o CMakeFiles/cmTC_e1fab.dir/CheckFunctionExists.c.o   -c /usr/local/Cellar/cmake/3.9.4_1/share/cmake/Modules/CheckFunctionExists.c
Linking C executable cmTC_e1fab
/usr/local/Cellar/cmake/3.9.4_1/bin/cmake -E cmake_link_script CMakeFiles/cmTC_e1fab.dir/link.txt --verbose=1
/Applications/Xcode.app/Contents/Developer/Toolchains/XcodeDefault.xctoolchain/usr/bin/cc  -DCHECK_FUNCTION_EXISTS=fcntl -Wl,-search_paths_first -Wl,-headerpad_max_install_names   CMakeFiles/cmTC_e1fab.dir/CheckFunctionExists.c.o  -o cmTC_e1fab 


Determining if the function pread exists passed with the following output:
Change Dir: /Users/trishalian/GitRepos/pbrt-v3-spectral/bin/CMakeFiles/CMakeTmp

Run Build Command:"/usr/bin/make" "cmTC_23159/fast"
/Applications/Xcode.app/Contents/Developer/usr/bin/make -f CMakeFiles/cmTC_23159.dir/build.make CMakeFiles/cmTC_23159.dir/build
Building C object CMakeFiles/cmTC_23159.dir/CheckFunctionExists.c.o
/Applications/Xcode.app/Contents/Developer/Toolchains/XcodeDefault.xctoolchain/usr/bin/cc   -DCHECK_FUNCTION_EXISTS=pread   -o CMakeFiles/cmTC_23159.dir/CheckFunctionExists.c.o   -c /usr/local/Cellar/cmake/3.9.4_1/share/cmake/Modules/CheckFunctionExists.c
Linking C executable cmTC_23159
/usr/local/Cellar/cmake/3.9.4_1/bin/cmake -E cmake_link_script CMakeFiles/cmTC_23159.dir/link.txt --verbose=1
/Applications/Xcode.app/Contents/Developer/Toolchains/XcodeDefault.xctoolchain/usr/bin/cc  -DCHECK_FUNCTION_EXISTS=pread -Wl,-search_paths_first -Wl,-headerpad_max_install_names   CMakeFiles/cmTC_23159.dir/CheckFunctionExists.c.o  -o cmTC_23159 


Determining if the function pwrite exists passed with the following output:
Change Dir: /Users/trishalian/GitRepos/pbrt-v3-spectral/bin/CMakeFiles/CMakeTmp

Run Build Command:"/usr/bin/make" "cmTC_549a3/fast"
/Applications/Xcode.app/Contents/Developer/usr/bin/make -f CMakeFiles/cmTC_549a3.dir/build.make CMakeFiles/cmTC_549a3.dir/build
Building C object CMakeFiles/cmTC_549a3.dir/CheckFunctionExists.c.o
/Applications/Xcode.app/Contents/Developer/Toolchains/XcodeDefault.xctoolchain/usr/bin/cc   -DCHECK_FUNCTION_EXISTS=pwrite   -o CMakeFiles/cmTC_549a3.dir/CheckFunctionExists.c.o   -c /usr/local/Cellar/cmake/3.9.4_1/share/cmake/Modules/CheckFunctionExists.c
Linking C executable cmTC_549a3
/usr/local/Cellar/cmake/3.9.4_1/bin/cmake -E cmake_link_script CMakeFiles/cmTC_549a3.dir/link.txt --verbose=1
/Applications/Xcode.app/Contents/Developer/Toolchains/XcodeDefault.xctoolchain/usr/bin/cc  -DCHECK_FUNCTION_EXISTS=pwrite -Wl,-search_paths_first -Wl,-headerpad_max_install_names   CMakeFiles/cmTC_549a3.dir/CheckFunctionExists.c.o  -o cmTC_549a3 


Determining if the function sigaction exists passed with the following output:
Change Dir: /Users/trishalian/GitRepos/pbrt-v3-spectral/bin/CMakeFiles/CMakeTmp

Run Build Command:"/usr/bin/make" "cmTC_b7eb8/fast"
/Applications/Xcode.app/Contents/Developer/usr/bin/make -f CMakeFiles/cmTC_b7eb8.dir/build.make CMakeFiles/cmTC_b7eb8.dir/build
Building C object CMakeFiles/cmTC_b7eb8.dir/CheckFunctionExists.c.o
/Applications/Xcode.app/Contents/Developer/Toolchains/XcodeDefault.xctoolchain/usr/bin/cc   -DCHECK_FUNCTION_EXISTS=sigaction   -o CMakeFiles/cmTC_b7eb8.dir/CheckFunctionExists.c.o   -c /usr/local/Cellar/cmake/3.9.4_1/share/cmake/Modules/CheckFunctionExists.c
Linking C executable cmTC_b7eb8
/usr/local/Cellar/cmake/3.9.4_1/bin/cmake -E cmake_link_script CMakeFiles/cmTC_b7eb8.dir/link.txt --verbose=1
/Applications/Xcode.app/Contents/Developer/Toolchains/XcodeDefault.xctoolchain/usr/bin/cc  -DCHECK_FUNCTION_EXISTS=sigaction -Wl,-search_paths_first -Wl,-headerpad_max_install_names   CMakeFiles/cmTC_b7eb8.dir/CheckFunctionExists.c.o  -o cmTC_b7eb8 


Determining if the function sigaltstack exists passed with the following output:
Change Dir: /Users/trishalian/GitRepos/pbrt-v3-spectral/bin/CMakeFiles/CMakeTmp

Run Build Command:"/usr/bin/make" "cmTC_976f2/fast"
/Applications/Xcode.app/Contents/Developer/usr/bin/make -f CMakeFiles/cmTC_976f2.dir/build.make CMakeFiles/cmTC_976f2.dir/build
Building C object CMakeFiles/cmTC_976f2.dir/CheckFunctionExists.c.o
/Applications/Xcode.app/Contents/Developer/Toolchains/XcodeDefault.xctoolchain/usr/bin/cc   -DCHECK_FUNCTION_EXISTS=sigaltstack   -o CMakeFiles/cmTC_976f2.dir/CheckFunctionExists.c.o   -c /usr/local/Cellar/cmake/3.9.4_1/share/cmake/Modules/CheckFunctionExists.c
Linking C executable cmTC_976f2
/usr/local/Cellar/cmake/3.9.4_1/bin/cmake -E cmake_link_script CMakeFiles/cmTC_976f2.dir/link.txt --verbose=1
/Applications/Xcode.app/Contents/Developer/Toolchains/XcodeDefault.xctoolchain/usr/bin/cc  -DCHECK_FUNCTION_EXISTS=sigaltstack -Wl,-search_paths_first -Wl,-headerpad_max_install_names   CMakeFiles/cmTC_976f2.dir/CheckFunctionExists.c.o  -o cmTC_976f2 


Performing C++ SOURCE FILE Test HAVE_NO_DEPRECATED succeeded with the following output:
Change Dir: /Users/trishalian/GitRepos/pbrt-v3-spectral/bin/CMakeFiles/CMakeTmp

Run Build Command:"/usr/bin/make" "cmTC_e6b7a/fast"
/Applications/Xcode.app/Contents/Developer/usr/bin/make -f CMakeFiles/cmTC_e6b7a.dir/build.make CMakeFiles/cmTC_e6b7a.dir/build
Building CXX object CMakeFiles/cmTC_e6b7a.dir/src.cxx.o
/Applications/Xcode.app/Contents/Developer/Toolchains/XcodeDefault.xctoolchain/usr/bin/c++    -std=c++11 -Wno-deprecated-register -DHAVE_NO_DEPRECATED   -Wno-deprecated -o CMakeFiles/cmTC_e6b7a.dir/src.cxx.o -c /Users/trishalian/GitRepos/pbrt-v3-spectral/bin/CMakeFiles/CMakeTmp/src.cxx
Linking CXX executable cmTC_e6b7a
/usr/local/Cellar/cmake/3.9.4_1/bin/cmake -E cmake_link_script CMakeFiles/cmTC_e6b7a.dir/link.txt --verbose=1
/Applications/Xcode.app/Contents/Developer/Toolchains/XcodeDefault.xctoolchain/usr/bin/c++   -std=c++11 -Wno-deprecated-register -DHAVE_NO_DEPRECATED -Wl,-search_paths_first -Wl,-headerpad_max_install_names   CMakeFiles/cmTC_e6b7a.dir/src.cxx.o  -o cmTC_e6b7a 

Source file was:
int main() { return 0; }
Performing C++ SOURCE FILE Test HAVE_NO_UNNAMED_TYPE_TEMPLATE_ARGS succeeded with the following output:
Change Dir: /Users/trishalian/GitRepos/pbrt-v3-spectral/bin/CMakeFiles/CMakeTmp

Run Build Command:"/usr/bin/make" "cmTC_a47b0/fast"
/Applications/Xcode.app/Contents/Developer/usr/bin/make -f CMakeFiles/cmTC_a47b0.dir/build.make CMakeFiles/cmTC_a47b0.dir/build
Building CXX object CMakeFiles/cmTC_a47b0.dir/src.cxx.o
/Applications/Xcode.app/Contents/Developer/Toolchains/XcodeDefault.xctoolchain/usr/bin/c++    -std=c++11 -Wno-deprecated-register -DHAVE_NO_UNNAMED_TYPE_TEMPLATE_ARGS   -Wno-unnamed-type-template-args -o CMakeFiles/cmTC_a47b0.dir/src.cxx.o -c /Users/trishalian/GitRepos/pbrt-v3-spectral/bin/CMakeFiles/CMakeTmp/src.cxx
Linking CXX executable cmTC_a47b0
/usr/local/Cellar/cmake/3.9.4_1/bin/cmake -E cmake_link_script CMakeFiles/cmTC_a47b0.dir/link.txt --verbose=1
/Applications/Xcode.app/Contents/Developer/Toolchains/XcodeDefault.xctoolchain/usr/bin/c++   -std=c++11 -Wno-deprecated-register -DHAVE_NO_UNNAMED_TYPE_TEMPLATE_ARGS -Wl,-search_paths_first -Wl,-headerpad_max_install_names   CMakeFiles/cmTC_a47b0.dir/src.cxx.o  -o cmTC_a47b0 

Source file was:
int main() { return 0; }
Determining if the snprintf exist passed with the following output:
Change Dir: /Users/trishalian/GitRepos/pbrt-v3-spectral/bin/CMakeFiles/CMakeTmp

Run Build Command:"/usr/bin/make" "cmTC_6c02b/fast"
/Applications/Xcode.app/Contents/Developer/usr/bin/make -f CMakeFiles/cmTC_6c02b.dir/build.make CMakeFiles/cmTC_6c02b.dir/build
Building C object CMakeFiles/cmTC_6c02b.dir/CheckSymbolExists.c.o
/Applications/Xcode.app/Contents/Developer/Toolchains/XcodeDefault.xctoolchain/usr/bin/cc    -o CMakeFiles/cmTC_6c02b.dir/CheckSymbolExists.c.o   -c /Users/trishalian/GitRepos/pbrt-v3-spectral/bin/CMakeFiles/CMakeTmp/CheckSymbolExists.c
Linking C executable cmTC_6c02b
/usr/local/Cellar/cmake/3.9.4_1/bin/cmake -E cmake_link_script CMakeFiles/cmTC_6c02b.dir/link.txt --verbose=1
/Applications/Xcode.app/Contents/Developer/Toolchains/XcodeDefault.xctoolchain/usr/bin/cc   -Wl,-search_paths_first -Wl,-headerpad_max_install_names   CMakeFiles/cmTC_6c02b.dir/CheckSymbolExists.c.o  -o cmTC_6c02b 

File /Users/trishalian/GitRepos/pbrt-v3-spectral/bin/CMakeFiles/CMakeTmp/CheckSymbolExists.c:
/* */
#include <stdio.h>

int main(int argc, char** argv)
{
  (void)argv;
#ifndef snprintf
  return ((int*)(&snprintf))[argc];
#else
  (void)argc;
  return 0;
#endif
}

Performing C SOURCE FILE Test HAVE___ATTRIBUTE__ succeeded with the following output:
Change Dir: /Users/trishalian/GitRepos/pbrt-v3-spectral/bin/CMakeFiles/CMakeTmp

Run Build Command:"/usr/bin/make" "cmTC_ce8f7/fast"
/Applications/Xcode.app/Contents/Developer/usr/bin/make -f CMakeFiles/cmTC_ce8f7.dir/build.make CMakeFiles/cmTC_ce8f7.dir/build
Building C object CMakeFiles/cmTC_ce8f7.dir/src.c.o
/Applications/Xcode.app/Contents/Developer/Toolchains/XcodeDefault.xctoolchain/usr/bin/cc   -DHAVE___ATTRIBUTE__   -o CMakeFiles/cmTC_ce8f7.dir/src.c.o   -c /Users/trishalian/GitRepos/pbrt-v3-spectral/bin/CMakeFiles/CMakeTmp/src.c
Linking C executable cmTC_ce8f7
/usr/local/Cellar/cmake/3.9.4_1/bin/cmake -E cmake_link_script CMakeFiles/cmTC_ce8f7.dir/link.txt --verbose=1
/Applications/Xcode.app/Contents/Developer/Toolchains/XcodeDefault.xctoolchain/usr/bin/cc  -DHAVE___ATTRIBUTE__ -Wl,-search_paths_first -Wl,-headerpad_max_install_names   CMakeFiles/cmTC_ce8f7.dir/src.c.o  -o cmTC_ce8f7 

Source file was:

#include <stdlib.h>
static void foo(void) __attribute__ ((unused));
int main(void) { return 0; }

Performing C SOURCE FILE Test HAVE___ATTRIBUTE__VISIBILITY_DEFAULT succeeded with the following output:
Change Dir: /Users/trishalian/GitRepos/pbrt-v3-spectral/bin/CMakeFiles/CMakeTmp

Run Build Command:"/usr/bin/make" "cmTC_3fd67/fast"
/Applications/Xcode.app/Contents/Developer/usr/bin/make -f CMakeFiles/cmTC_3fd67.dir/build.make CMakeFiles/cmTC_3fd67.dir/build
Building C object CMakeFiles/cmTC_3fd67.dir/src.c.o
/Applications/Xcode.app/Contents/Developer/Toolchains/XcodeDefault.xctoolchain/usr/bin/cc   -DHAVE___ATTRIBUTE__VISIBILITY_DEFAULT   -o CMakeFiles/cmTC_3fd67.dir/src.c.o   -c /Users/trishalian/GitRepos/pbrt-v3-spectral/bin/CMakeFiles/CMakeTmp/src.c
Linking C executable cmTC_3fd67
/usr/local/Cellar/cmake/3.9.4_1/bin/cmake -E cmake_link_script CMakeFiles/cmTC_3fd67.dir/link.txt --verbose=1
/Applications/Xcode.app/Contents/Developer/Toolchains/XcodeDefault.xctoolchain/usr/bin/cc  -DHAVE___ATTRIBUTE__VISIBILITY_DEFAULT -Wl,-search_paths_first -Wl,-headerpad_max_install_names   CMakeFiles/cmTC_3fd67.dir/src.c.o  -o cmTC_3fd67 

Source file was:

#include <stdlib.h>
static void foo(void) __attribute__ ((visibility("default")));
int main(void) { return 0; }

Performing C SOURCE FILE Test HAVE___ATTRIBUTE__VISIBILITY_HIDDEN succeeded with the following output:
Change Dir: /Users/trishalian/GitRepos/pbrt-v3-spectral/bin/CMakeFiles/CMakeTmp

Run Build Command:"/usr/bin/make" "cmTC_6364c/fast"
/Applications/Xcode.app/Contents/Developer/usr/bin/make -f CMakeFiles/cmTC_6364c.dir/build.make CMakeFiles/cmTC_6364c.dir/build
Building C object CMakeFiles/cmTC_6364c.dir/src.c.o
/Applications/Xcode.app/Contents/Developer/Toolchains/XcodeDefault.xctoolchain/usr/bin/cc   -DHAVE___ATTRIBUTE__VISIBILITY_HIDDEN   -o CMakeFiles/cmTC_6364c.dir/src.c.o   -c /Users/trishalian/GitRepos/pbrt-v3-spectral/bin/CMakeFiles/CMakeTmp/src.c
Linking C executable cmTC_6364c
/usr/local/Cellar/cmake/3.9.4_1/bin/cmake -E cmake_link_script CMakeFiles/cmTC_6364c.dir/link.txt --verbose=1
/Applications/Xcode.app/Contents/Developer/Toolchains/XcodeDefault.xctoolchain/usr/bin/cc  -DHAVE___ATTRIBUTE__VISIBILITY_HIDDEN -Wl,-search_paths_first -Wl,-headerpad_max_install_names   CMakeFiles/cmTC_6364c.dir/src.c.o  -o cmTC_6364c 

Source file was:

#include <stdlib.h>
static void foo(void) __attribute__ ((visibility("hidden")));
int main(void) { return 0; }

Performing C SOURCE FILE Test HAVE___BUILTIN_EXPECT succeeded with the following output:
Change Dir: /Users/trishalian/GitRepos/pbrt-v3-spectral/bin/CMakeFiles/CMakeTmp

Run Build Command:"/usr/bin/make" "cmTC_ec70c/fast"
/Applications/Xcode.app/Contents/Developer/usr/bin/make -f CMakeFiles/cmTC_ec70c.dir/build.make CMakeFiles/cmTC_ec70c.dir/build
Building C object CMakeFiles/cmTC_ec70c.dir/src.c.o
/Applications/Xcode.app/Contents/Developer/Toolchains/XcodeDefault.xctoolchain/usr/bin/cc   -DHAVE___BUILTIN_EXPECT   -o CMakeFiles/cmTC_ec70c.dir/src.c.o   -c /Users/trishalian/GitRepos/pbrt-v3-spectral/bin/CMakeFiles/CMakeTmp/src.c
Linking C executable cmTC_ec70c
/usr/local/Cellar/cmake/3.9.4_1/bin/cmake -E cmake_link_script CMakeFiles/cmTC_ec70c.dir/link.txt --verbose=1
/Applications/Xcode.app/Contents/Developer/Toolchains/XcodeDefault.xctoolchain/usr/bin/cc  -DHAVE___BUILTIN_EXPECT -Wl,-search_paths_first -Wl,-headerpad_max_install_names   CMakeFiles/cmTC_ec70c.dir/src.c.o  -o cmTC_ec70c 

Source file was:

int main(void) { if (__builtin_expect(0, 0)) return 1; return 0; }

Performing C SOURCE FILE Test HAVE___SYNC_VAL_COMPARE_AND_SWAP succeeded with the following output:
Change Dir: /Users/trishalian/GitRepos/pbrt-v3-spectral/bin/CMakeFiles/CMakeTmp

Run Build Command:"/usr/bin/make" "cmTC_51fbe/fast"
/Applications/Xcode.app/Contents/Developer/usr/bin/make -f CMakeFiles/cmTC_51fbe.dir/build.make CMakeFiles/cmTC_51fbe.dir/build
Building C object CMakeFiles/cmTC_51fbe.dir/src.c.o
/Applications/Xcode.app/Contents/Developer/Toolchains/XcodeDefault.xctoolchain/usr/bin/cc   -DHAVE___SYNC_VAL_COMPARE_AND_SWAP   -o CMakeFiles/cmTC_51fbe.dir/src.c.o   -c /Users/trishalian/GitRepos/pbrt-v3-spectral/bin/CMakeFiles/CMakeTmp/src.c
Linking C executable cmTC_51fbe
/usr/local/Cellar/cmake/3.9.4_1/bin/cmake -E cmake_link_script CMakeFiles/cmTC_51fbe.dir/link.txt --verbose=1
/Applications/Xcode.app/Contents/Developer/Toolchains/XcodeDefault.xctoolchain/usr/bin/cc  -DHAVE___SYNC_VAL_COMPARE_AND_SWAP -Wl,-search_paths_first -Wl,-headerpad_max_install_names   CMakeFiles/cmTC_51fbe.dir/src.c.o  -o cmTC_51fbe 

Source file was:

int main(void)
{
  int a; if (__sync_val_compare_and_swap(&a, 0, 1)) return 1; return 0;
}

Performing C SOURCE FILE Test HAVE_RWLOCK succeeded with the following output:
Change Dir: /Users/trishalian/GitRepos/pbrt-v3-spectral/bin/CMakeFiles/CMakeTmp

Run Build Command:"/usr/bin/make" "cmTC_3c109/fast"
/Applications/Xcode.app/Contents/Developer/usr/bin/make -f CMakeFiles/cmTC_3c109.dir/build.make CMakeFiles/cmTC_3c109.dir/build
Building C object CMakeFiles/cmTC_3c109.dir/src.c.o
/Applications/Xcode.app/Contents/Developer/Toolchains/XcodeDefault.xctoolchain/usr/bin/cc   -DHAVE_RWLOCK   -o CMakeFiles/cmTC_3c109.dir/src.c.o   -c /Users/trishalian/GitRepos/pbrt-v3-spectral/bin/CMakeFiles/CMakeTmp/src.c
Linking C executable cmTC_3c109
/usr/local/Cellar/cmake/3.9.4_1/bin/cmake -E cmake_link_script CMakeFiles/cmTC_3c109.dir/link.txt --verbose=1
/Applications/Xcode.app/Contents/Developer/Toolchains/XcodeDefault.xctoolchain/usr/bin/cc  -DHAVE_RWLOCK -Wl,-search_paths_first -Wl,-headerpad_max_install_names   CMakeFiles/cmTC_3c109.dir/src.c.o  -o cmTC_3c109 

Source file was:

#define _XOPEN_SOURCE 500
#include <pthread.h>
int main(void)
{
  pthread_rwlock_t l;
  pthread_rwlock_init(&l, NULL);
  pthread_rwlock_rdlock(&l);
  return 0;
}

Performing C++ SOURCE FILE Test STL_STD_NAMESPACE succeeded with the following output:
Change Dir: /Users/trishalian/GitRepos/pbrt-v3-spectral/bin/CMakeFiles/CMakeTmp

Run Build Command:"/usr/bin/make" "cmTC_a76c8/fast"
/Applications/Xcode.app/Contents/Developer/usr/bin/make -f CMakeFiles/cmTC_a76c8.dir/build.make CMakeFiles/cmTC_a76c8.dir/build
Building CXX object CMakeFiles/cmTC_a76c8.dir/src.cxx.o
/Applications/Xcode.app/Contents/Developer/Toolchains/XcodeDefault.xctoolchain/usr/bin/c++    -std=c++11 -Wno-deprecated-register -DSTL_STD_NAMESPACE   -o CMakeFiles/cmTC_a76c8.dir/src.cxx.o -c /Users/trishalian/GitRepos/pbrt-v3-spectral/bin/CMakeFiles/CMakeTmp/src.cxx
Linking CXX executable cmTC_a76c8
/usr/local/Cellar/cmake/3.9.4_1/bin/cmake -E cmake_link_script CMakeFiles/cmTC_a76c8.dir/link.txt --verbose=1
/Applications/Xcode.app/Contents/Developer/Toolchains/XcodeDefault.xctoolchain/usr/bin/c++   -std=c++11 -Wno-deprecated-register -DSTL_STD_NAMESPACE -Wl,-search_paths_first -Wl,-headerpad_max_install_names   CMakeFiles/cmTC_a76c8.dir/src.cxx.o  -o cmTC_a76c8 

Source file was:

#include <vector>
std::vector<int> t; int main() { }

Performing C++ SOURCE FILE Test HAVE_USING_OPERATOR succeeded with the following output:
Change Dir: /Users/trishalian/GitRepos/pbrt-v3-spectral/bin/CMakeFiles/CMakeTmp

Run Build Command:"/usr/bin/make" "cmTC_90c18/fast"
/Applications/Xcode.app/Contents/Developer/usr/bin/make -f CMakeFiles/cmTC_90c18.dir/build.make CMakeFiles/cmTC_90c18.dir/build
Building CXX object CMakeFiles/cmTC_90c18.dir/src.cxx.o
/Applications/Xcode.app/Contents/Developer/Toolchains/XcodeDefault.xctoolchain/usr/bin/c++    -std=c++11 -Wno-deprecated-register -DHAVE_USING_OPERATOR   -o CMakeFiles/cmTC_90c18.dir/src.cxx.o -c /Users/trishalian/GitRepos/pbrt-v3-spectral/bin/CMakeFiles/CMakeTmp/src.cxx
Linking CXX executable cmTC_90c18
/usr/local/Cellar/cmake/3.9.4_1/bin/cmake -E cmake_link_script CMakeFiles/cmTC_90c18.dir/link.txt --verbose=1
/Applications/Xcode.app/Contents/Developer/Toolchains/XcodeDefault.xctoolchain/usr/bin/c++   -std=c++11 -Wno-deprecated-register -DHAVE_USING_OPERATOR -Wl,-search_paths_first -Wl,-headerpad_max_install_names   CMakeFiles/cmTC_90c18.dir/src.cxx.o  -o cmTC_90c18 

Source file was:

#include <iostream>
std::ostream& operator<<(std::ostream&, struct s);
using ::operator<<;
int main() { }

Performing C++ SOURCE FILE Test HAVE_NAMESPACES succeeded with the following output:
Change Dir: /Users/trishalian/GitRepos/pbrt-v3-spectral/bin/CMakeFiles/CMakeTmp

Run Build Command:"/usr/bin/make" "cmTC_fcd7b/fast"
/Applications/Xcode.app/Contents/Developer/usr/bin/make -f CMakeFiles/cmTC_fcd7b.dir/build.make CMakeFiles/cmTC_fcd7b.dir/build
Building CXX object CMakeFiles/cmTC_fcd7b.dir/src.cxx.o
/Applications/Xcode.app/Contents/Developer/Toolchains/XcodeDefault.xctoolchain/usr/bin/c++    -std=c++11 -Wno-deprecated-register -DHAVE_NAMESPACES   -o CMakeFiles/cmTC_fcd7b.dir/src.cxx.o -c /Users/trishalian/GitRepos/pbrt-v3-spectral/bin/CMakeFiles/CMakeTmp/src.cxx
Linking CXX executable cmTC_fcd7b
/usr/local/Cellar/cmake/3.9.4_1/bin/cmake -E cmake_link_script CMakeFiles/cmTC_fcd7b.dir/link.txt --verbose=1
/Applications/Xcode.app/Contents/Developer/Toolchains/XcodeDefault.xctoolchain/usr/bin/c++   -std=c++11 -Wno-deprecated-register -DHAVE_NAMESPACES -Wl,-search_paths_first -Wl,-headerpad_max_install_names   CMakeFiles/cmTC_fcd7b.dir/src.cxx.o  -o cmTC_fcd7b 

Source file was:

namespace Outer { namespace Inner { int i = 0; }}
using namespace Outer::Inner;;
int main() { return i; }

